<?xml version="1.0" encoding="UTF-8" standalone="yes"?><!DOCTYPE report PUBLIC "-//JACOCO//DTD Report 1.1//EN" "report.dtd"><report name="Apache Commons CSV"><sessioninfo id="DESKTOP-MGHASAU-e6680689" start="1722983637912" dump="1722983644449"/><package name="org/apache/commons/csv"><class name="org/apache/commons/csv/Constants" sourcefilename="Constants.java"><method name="&lt;clinit&gt;" desc="()V" line="41"><counter type="INSTRUCTION" missed="0" covered="7"/><counter type="LINE" missed="0" covered="2"/><counter type="COMPLEXITY" missed="0" covered="1"/><counter type="METHOD" missed="0" covered="1"/></method><counter type="INSTRUCTION" missed="0" covered="7"/><counter type="LINE" missed="0" covered="2"/><counter type="COMPLEXITY" missed="0" covered="1"/><counter type="METHOD" missed="0" covered="1"/><counter type="CLASS" missed="0" covered="1"/></class><class name="org/apache/commons/csv/ExtendedBufferedReader" sourcefilename="ExtendedBufferedReader.java"><method name="&lt;init&gt;" desc="(Ljava/io/Reader;)V" line="41"><counter type="INSTRUCTION" missed="0" covered="7"/><counter type="LINE" missed="0" covered="3"/><counter type="COMPLEXITY" missed="0" covered="1"/><counter type="METHOD" missed="0" covered="1"/></method><method name="close" desc="()V" line="67"><counter type="INSTRUCTION" missed="0" covered="9"/><counter type="LINE" missed="0" covered="4"/><counter type="COMPLEXITY" missed="0" covered="1"/><counter type="METHOD" missed="0" covered="1"/></method><method name="getCurrentLineNumber" desc="()J" line="79"><counter type="INSTRUCTION" missed="0" covered="24"/><counter type="BRANCH" missed="0" covered="8"/><counter type="LINE" missed="0" covered="3"/><counter type="COMPLEXITY" missed="0" covered="5"/><counter type="METHOD" missed="0" covered="1"/></method><method name="getLastChar" desc="()I" line="94"><counter type="INSTRUCTION" missed="0" covered="3"/><counter type="LINE" missed="0" covered="1"/><counter type="COMPLEXITY" missed="0" covered="1"/><counter type="METHOD" missed="0" covered="1"/></method><method name="getPosition" desc="()J" line="103"><counter type="INSTRUCTION" missed="0" covered="3"/><counter type="LINE" missed="0" covered="1"/><counter type="COMPLEXITY" missed="0" covered="1"/><counter type="METHOD" missed="0" covered="1"/></method><method name="isClosed" desc="()Z" line="107"><counter type="INSTRUCTION" missed="0" covered="3"/><counter type="LINE" missed="0" covered="1"/><counter type="COMPLEXITY" missed="0" covered="1"/><counter type="METHOD" missed="0" covered="1"/></method><method name="lookAhead" desc="()I" line="120"><counter type="INSTRUCTION" missed="0" covered="10"/><counter type="LINE" missed="0" covered="4"/><counter type="COMPLEXITY" missed="0" covered="1"/><counter type="METHOD" missed="0" covered="1"/></method><method name="lookAhead" desc="([C)[C" line="137"><counter type="INSTRUCTION" missed="0" covered="16"/><counter type="LINE" missed="0" covered="5"/><counter type="COMPLEXITY" missed="0" covered="1"/><counter type="METHOD" missed="0" covered="1"/></method><method name="read" desc="()I" line="146"><counter type="INSTRUCTION" missed="0" covered="46"/><counter type="BRANCH" missed="1" covered="13"/><counter type="LINE" missed="0" covered="6"/><counter type="COMPLEXITY" missed="1" covered="7"/><counter type="METHOD" missed="0" covered="1"/></method><method name="read" desc="([CII)I" line="158"><counter type="INSTRUCTION" missed="0" covered="82"/><counter type="BRANCH" missed="1" covered="15"/><counter type="LINE" missed="0" covered="16"/><counter type="COMPLEXITY" missed="1" covered="8"/><counter type="METHOD" missed="0" covered="1"/></method><method name="readLine" desc="()Ljava/lang/String;" line="195"><counter type="INSTRUCTION" missed="0" covered="44"/><counter type="BRANCH" missed="0" covered="12"/><counter type="LINE" missed="0" covered="13"/><counter type="COMPLEXITY" missed="0" covered="7"/><counter type="METHOD" missed="0" covered="1"/></method><counter type="INSTRUCTION" missed="0" covered="247"/><counter type="BRANCH" missed="2" covered="48"/><counter type="LINE" missed="0" covered="57"/><counter type="COMPLEXITY" missed="2" covered="34"/><counter type="METHOD" missed="0" covered="11"/><counter type="CLASS" missed="0" covered="1"/></class><class name="org/apache/commons/csv/CSVFormat$Builder" sourcefilename="CSVFormat.java"><method name="create" desc="()Lorg/apache/commons/csv/CSVFormat$Builder;" line="193"><counter type="INSTRUCTION" missed="0" covered="5"/><counter type="LINE" missed="0" covered="1"/><counter type="COMPLEXITY" missed="0" covered="1"/><counter type="METHOD" missed="0" covered="1"/></method><method name="create" desc="(Lorg/apache/commons/csv/CSVFormat;)Lorg/apache/commons/csv/CSVFormat$Builder;" line="203"><counter type="INSTRUCTION" missed="0" covered="5"/><counter type="LINE" missed="0" covered="1"/><counter type="COMPLEXITY" missed="0" covered="1"/><counter type="METHOD" missed="0" covered="1"/></method><method name="&lt;init&gt;" desc="(Lorg/apache/commons/csv/CSVFormat;)V" line="248"><counter type="INSTRUCTION" missed="0" covered="87"/><counter type="LINE" missed="0" covered="23"/><counter type="COMPLEXITY" missed="0" covered="1"/><counter type="METHOD" missed="0" covered="1"/></method><method name="build" desc="()Lorg/apache/commons/csv/CSVFormat;" line="278"><counter type="INSTRUCTION" missed="0" covered="6"/><counter type="LINE" missed="0" covered="1"/><counter type="COMPLEXITY" missed="0" covered="1"/><counter type="METHOD" missed="0" covered="1"/></method><method name="setAllowDuplicateHeaderNames" desc="(Z)Lorg/apache/commons/csv/CSVFormat$Builder;" line="290"><counter type="INSTRUCTION" missed="0" covered="10"/><counter type="BRANCH" missed="0" covered="2"/><counter type="LINE" missed="0" covered="2"/><counter type="COMPLEXITY" missed="0" covered="2"/><counter type="METHOD" missed="0" covered="1"/></method><method name="setAllowMissingColumnNames" desc="(Z)Lorg/apache/commons/csv/CSVFormat$Builder;" line="303"><counter type="INSTRUCTION" missed="0" covered="5"/><counter type="LINE" missed="0" covered="2"/><counter type="COMPLEXITY" missed="0" covered="1"/><counter type="METHOD" missed="0" covered="1"/></method><method name="setAutoFlush" desc="(Z)Lorg/apache/commons/csv/CSVFormat$Builder;" line="314"><counter type="INSTRUCTION" missed="0" covered="5"/><counter type="LINE" missed="0" covered="2"/><counter type="COMPLEXITY" missed="0" covered="1"/><counter type="METHOD" missed="0" covered="1"/></method><method name="setCommentMarker" desc="(C)Lorg/apache/commons/csv/CSVFormat$Builder;" line="353"><counter type="INSTRUCTION" missed="0" covered="7"/><counter type="LINE" missed="0" covered="2"/><counter type="COMPLEXITY" missed="0" covered="1"/><counter type="METHOD" missed="0" covered="1"/></method><method name="setCommentMarker" desc="(Ljava/lang/Character;)Lorg/apache/commons/csv/CSVFormat$Builder;" line="392"><counter type="INSTRUCTION" missed="0" covered="13"/><counter type="BRANCH" missed="0" covered="2"/><counter type="LINE" missed="0" covered="4"/><counter type="COMPLEXITY" missed="0" covered="2"/><counter type="METHOD" missed="0" covered="1"/></method><method name="setDelimiter" desc="(C)Lorg/apache/commons/csv/CSVFormat$Builder;" line="406"><counter type="INSTRUCTION" missed="0" covered="5"/><counter type="LINE" missed="0" covered="1"/><counter type="COMPLEXITY" missed="0" covered="1"/><counter type="METHOD" missed="0" covered="1"/></method><method name="setDelimiter" desc="(Ljava/lang/String;)Lorg/apache/commons/csv/CSVFormat$Builder;" line="416"><counter type="INSTRUCTION" missed="0" covered="21"/><counter type="BRANCH" missed="0" covered="4"/><counter type="LINE" missed="0" covered="6"/><counter type="COMPLEXITY" missed="0" covered="3"/><counter type="METHOD" missed="0" covered="1"/></method><method name="setDuplicateHeaderMode" desc="(Lorg/apache/commons/csv/DuplicateHeaderMode;)Lorg/apache/commons/csv/CSVFormat$Builder;" line="434"><counter type="INSTRUCTION" missed="0" covered="8"/><counter type="LINE" missed="0" covered="2"/><counter type="COMPLEXITY" missed="0" covered="1"/><counter type="METHOD" missed="0" covered="1"/></method><method name="setEscape" desc="(C)Lorg/apache/commons/csv/CSVFormat$Builder;" line="446"><counter type="INSTRUCTION" missed="0" covered="7"/><counter type="LINE" missed="0" covered="2"/><counter type="COMPLEXITY" missed="0" covered="1"/><counter type="METHOD" missed="0" covered="1"/></method><method name="setEscape" desc="(Ljava/lang/Character;)Lorg/apache/commons/csv/CSVFormat$Builder;" line="458"><counter type="INSTRUCTION" missed="0" covered="13"/><counter type="BRANCH" missed="0" covered="2"/><counter type="LINE" missed="0" covered="4"/><counter type="COMPLEXITY" missed="0" covered="2"/><counter type="METHOD" missed="0" covered="1"/></method><method name="setHeader" desc="(Ljava/lang/Class;)Lorg/apache/commons/csv/CSVFormat$Builder;" line="487"><counter type="INSTRUCTION" missed="0" covered="20"/><counter type="BRANCH" missed="0" covered="2"/><counter type="LINE" missed="0" covered="6"/><counter type="COMPLEXITY" missed="0" covered="2"/><counter type="METHOD" missed="0" covered="1"/></method><method name="setHeader" desc="(Ljava/sql/ResultSet;)Lorg/apache/commons/csv/CSVFormat$Builder;" line="517"><counter type="INSTRUCTION" missed="0" covered="9"/><counter type="BRANCH" missed="0" covered="2"/><counter type="LINE" missed="0" covered="1"/><counter type="COMPLEXITY" missed="0" covered="2"/><counter type="METHOD" missed="0" covered="1"/></method><method name="setHeader" desc="(Ljava/sql/ResultSetMetaData;)Lorg/apache/commons/csv/CSVFormat$Builder;" line="541"><counter type="INSTRUCTION" missed="0" covered="29"/><counter type="BRANCH" missed="0" covered="4"/><counter type="LINE" missed="0" covered="7"/><counter type="COMPLEXITY" missed="0" covered="3"/><counter type="METHOD" missed="0" covered="1"/></method><method name="setHeader" desc="([Ljava/lang/String;)Lorg/apache/commons/csv/CSVFormat$Builder;" line="572"><counter type="INSTRUCTION" missed="0" covered="7"/><counter type="LINE" missed="0" covered="2"/><counter type="COMPLEXITY" missed="0" covered="1"/><counter type="METHOD" missed="0" covered="1"/></method><method name="setHeaderComments" desc="([Ljava/lang/Object;)Lorg/apache/commons/csv/CSVFormat$Builder;" line="610"><counter type="INSTRUCTION" missed="0" covered="8"/><counter type="LINE" missed="0" covered="2"/><counter type="COMPLEXITY" missed="0" covered="1"/><counter type="METHOD" missed="0" covered="1"/></method><method name="setHeaderComments" desc="([Ljava/lang/String;)Lorg/apache/commons/csv/CSVFormat$Builder;" line="648"><counter type="INSTRUCTION" missed="0" covered="7"/><counter type="LINE" missed="0" covered="2"/><counter type="COMPLEXITY" missed="0" covered="1"/><counter type="METHOD" missed="0" covered="1"/></method><method name="setIgnoreEmptyLines" desc="(Z)Lorg/apache/commons/csv/CSVFormat$Builder;" line="661"><counter type="INSTRUCTION" missed="0" covered="5"/><counter type="LINE" missed="0" covered="2"/><counter type="COMPLEXITY" missed="0" covered="1"/><counter type="METHOD" missed="0" covered="1"/></method><method name="setIgnoreHeaderCase" desc="(Z)Lorg/apache/commons/csv/CSVFormat$Builder;" line="672"><counter type="INSTRUCTION" missed="0" covered="5"/><counter type="LINE" missed="0" covered="2"/><counter type="COMPLEXITY" missed="0" covered="1"/><counter type="METHOD" missed="0" covered="1"/></method><method name="setIgnoreSurroundingSpaces" desc="(Z)Lorg/apache/commons/csv/CSVFormat$Builder;" line="683"><counter type="INSTRUCTION" missed="0" covered="5"/><counter type="LINE" missed="0" covered="2"/><counter type="COMPLEXITY" missed="0" covered="1"/><counter type="METHOD" missed="0" covered="1"/></method><method name="setLenientEof" desc="(Z)Lorg/apache/commons/csv/CSVFormat$Builder;" line="695"><counter type="INSTRUCTION" missed="0" covered="5"/><counter type="LINE" missed="0" covered="2"/><counter type="COMPLEXITY" missed="0" covered="1"/><counter type="METHOD" missed="0" covered="1"/></method><method name="setNullString" desc="(Ljava/lang/String;)Lorg/apache/commons/csv/CSVFormat$Builder;" line="711"><counter type="INSTRUCTION" missed="0" covered="19"/><counter type="LINE" missed="0" covered="3"/><counter type="COMPLEXITY" missed="0" covered="1"/><counter type="METHOD" missed="0" covered="1"/></method><method name="setQuote" desc="(C)Lorg/apache/commons/csv/CSVFormat$Builder;" line="723"><counter type="INSTRUCTION" missed="0" covered="7"/><counter type="LINE" missed="0" covered="2"/><counter type="COMPLEXITY" missed="0" covered="1"/><counter type="METHOD" missed="0" covered="1"/></method><method name="setQuote" desc="(Ljava/lang/Character;)Lorg/apache/commons/csv/CSVFormat$Builder;" line="734"><counter type="INSTRUCTION" missed="0" covered="13"/><counter type="BRANCH" missed="0" covered="2"/><counter type="LINE" missed="0" covered="4"/><counter type="COMPLEXITY" missed="0" covered="2"/><counter type="METHOD" missed="0" covered="1"/></method><method name="setQuoteMode" desc="(Lorg/apache/commons/csv/QuoteMode;)Lorg/apache/commons/csv/CSVFormat$Builder;" line="748"><counter type="INSTRUCTION" missed="0" covered="5"/><counter type="LINE" missed="0" covered="2"/><counter type="COMPLEXITY" missed="0" covered="1"/><counter type="METHOD" missed="0" covered="1"/></method><method name="setRecordSeparator" desc="(C)Lorg/apache/commons/csv/CSVFormat$Builder;" line="764"><counter type="INSTRUCTION" missed="0" covered="6"/><counter type="LINE" missed="0" covered="2"/><counter type="COMPLEXITY" missed="0" covered="1"/><counter type="METHOD" missed="0" covered="1"/></method><method name="setRecordSeparator" desc="(Ljava/lang/String;)Lorg/apache/commons/csv/CSVFormat$Builder;" line="780"><counter type="INSTRUCTION" missed="0" covered="5"/><counter type="LINE" missed="0" covered="2"/><counter type="COMPLEXITY" missed="0" covered="1"/><counter type="METHOD" missed="0" covered="1"/></method><method name="setSkipHeaderRecord" desc="(Z)Lorg/apache/commons/csv/CSVFormat$Builder;" line="791"><counter type="INSTRUCTION" missed="0" covered="5"/><counter type="LINE" missed="0" covered="2"/><counter type="COMPLEXITY" missed="0" covered="1"/><counter type="METHOD" missed="0" covered="1"/></method><method name="setTrailingData" desc="(Z)Lorg/apache/commons/csv/CSVFormat$Builder;" line="803"><counter type="INSTRUCTION" missed="0" covered="5"/><counter type="LINE" missed="0" covered="2"/><counter type="COMPLEXITY" missed="0" covered="1"/><counter type="METHOD" missed="0" covered="1"/></method><method name="setTrailingDelimiter" desc="(Z)Lorg/apache/commons/csv/CSVFormat$Builder;" line="814"><counter type="INSTRUCTION" missed="0" covered="5"/><counter type="LINE" missed="0" covered="2"/><counter type="COMPLEXITY" missed="0" covered="1"/><counter type="METHOD" missed="0" covered="1"/></method><method name="setTrim" desc="(Z)Lorg/apache/commons/csv/CSVFormat$Builder;" line="825"><counter type="INSTRUCTION" missed="0" covered="5"/><counter type="LINE" missed="0" covered="2"/><counter type="COMPLEXITY" missed="0" covered="1"/><counter type="METHOD" missed="0" covered="1"/></method><method name="lambda$setHeader$0" desc="([Ljava/lang/Enum;I)Ljava/lang/String;" line="491"><counter type="INSTRUCTION" missed="0" covered="5"/><counter type="LINE" missed="0" covered="1"/><counter type="COMPLEXITY" missed="0" covered="1"/><counter type="METHOD" missed="0" covered="1"/></method><counter type="INSTRUCTION" missed="0" covered="377"/><counter type="BRANCH" missed="0" covered="20"/><counter type="LINE" missed="0" covered="104"/><counter type="COMPLEXITY" missed="0" covered="45"/><counter type="METHOD" missed="0" covered="35"/><counter type="CLASS" missed="0" covered="1"/></class><class name="org/apache/commons/csv/CSVParser$CSVRecordIterator" sourcefilename="CSVParser.java"><method name="&lt;init&gt;" desc="(Lorg/apache/commons/csv/CSVParser;)V" line="145"><counter type="INSTRUCTION" missed="0" covered="6"/><counter type="LINE" missed="0" covered="1"/><counter type="COMPLEXITY" missed="0" covered="1"/><counter type="METHOD" missed="0" covered="1"/></method><method name="getNextRecord" desc="()Lorg/apache/commons/csv/CSVRecord;" line="149"><counter type="INSTRUCTION" missed="0" covered="6"/><counter type="LINE" missed="0" covered="1"/><counter type="COMPLEXITY" missed="0" covered="1"/><counter type="METHOD" missed="0" covered="1"/></method><method name="hasNext" desc="()Z" line="154"><counter type="INSTRUCTION" missed="0" covered="20"/><counter type="BRANCH" missed="0" covered="6"/><counter type="LINE" missed="0" covered="5"/><counter type="COMPLEXITY" missed="0" covered="4"/><counter type="METHOD" missed="0" covered="1"/></method><method name="next" desc="()Lorg/apache/commons/csv/CSVRecord;" line="166"><counter type="INSTRUCTION" missed="0" covered="29"/><counter type="BRANCH" missed="0" covered="6"/><counter type="LINE" missed="0" covered="9"/><counter type="COMPLEXITY" missed="0" covered="4"/><counter type="METHOD" missed="0" covered="1"/></method><method name="remove" desc="()V" line="185"><counter type="INSTRUCTION" missed="0" covered="4"/><counter type="LINE" missed="0" covered="1"/><counter type="COMPLEXITY" missed="0" covered="1"/><counter type="METHOD" missed="0" covered="1"/></method><counter type="INSTRUCTION" missed="0" covered="65"/><counter type="BRANCH" missed="0" covered="12"/><counter type="LINE" missed="0" covered="17"/><counter type="COMPLEXITY" missed="0" covered="11"/><counter type="METHOD" missed="0" covered="5"/><counter type="CLASS" missed="0" covered="1"/></class><class name="org/apache/commons/csv/CSVRecord" sourcefilename="CSVRecord.java"><method name="&lt;init&gt;" desc="(Lorg/apache/commons/csv/CSVParser;[Ljava/lang/String;Ljava/lang/String;JJ)V" line="60"><counter type="INSTRUCTION" missed="0" covered="22"/><counter type="BRANCH" missed="0" covered="2"/><counter type="LINE" missed="0" covered="7"/><counter type="COMPLEXITY" missed="0" covered="2"/><counter type="METHOD" missed="0" covered="1"/></method><method name="get" desc="(Ljava/lang/Enum;)Ljava/lang/String;" line="76"><counter type="INSTRUCTION" missed="0" covered="9"/><counter type="BRANCH" missed="0" covered="2"/><counter type="LINE" missed="0" covered="1"/><counter type="COMPLEXITY" missed="0" covered="2"/><counter type="METHOD" missed="0" covered="1"/></method><method name="get" desc="(I)Ljava/lang/String;" line="87"><counter type="INSTRUCTION" missed="0" covered="5"/><counter type="LINE" missed="0" covered="1"/><counter type="COMPLEXITY" missed="0" covered="1"/><counter type="METHOD" missed="0" covered="1"/></method><method name="get" desc="(Ljava/lang/String;)Ljava/lang/String;" line="114"><counter type="INSTRUCTION" missed="0" covered="64"/><counter type="BRANCH" missed="0" covered="4"/><counter type="LINE" missed="0" covered="11"/><counter type="COMPLEXITY" missed="0" covered="3"/><counter type="METHOD" missed="0" covered="1"/></method><method name="getCharacterPosition" desc="()J" line="140"><counter type="INSTRUCTION" missed="0" covered="3"/><counter type="LINE" missed="0" covered="1"/><counter type="COMPLEXITY" missed="0" covered="1"/><counter type="METHOD" missed="0" covered="1"/></method><method name="getComment" desc="()Ljava/lang/String;" line="152"><counter type="INSTRUCTION" missed="0" covered="3"/><counter type="LINE" missed="0" covered="1"/><counter type="COMPLEXITY" missed="0" covered="1"/><counter type="METHOD" missed="0" covered="1"/></method><method name="getHeaderMapRaw" desc="()Ljava/util/Map;" line="156"><counter type="INSTRUCTION" missed="0" covered="9"/><counter type="BRANCH" missed="0" covered="2"/><counter type="LINE" missed="0" covered="1"/><counter type="COMPLEXITY" missed="0" covered="2"/><counter type="METHOD" missed="0" covered="1"/></method><method name="getParser" desc="()Lorg/apache/commons/csv/CSVParser;" line="171"><counter type="INSTRUCTION" missed="0" covered="3"/><counter type="LINE" missed="0" covered="1"/><counter type="COMPLEXITY" missed="0" covered="1"/><counter type="METHOD" missed="0" covered="1"/></method><method name="getRecordNumber" desc="()J" line="186"><counter type="INSTRUCTION" missed="0" covered="3"/><counter type="LINE" missed="0" covered="1"/><counter type="COMPLEXITY" missed="0" covered="1"/><counter type="METHOD" missed="0" covered="1"/></method><method name="hasComment" desc="()Z" line="199"><counter type="INSTRUCTION" missed="0" covered="7"/><counter type="BRANCH" missed="0" covered="2"/><counter type="LINE" missed="0" covered="1"/><counter type="COMPLEXITY" missed="0" covered="2"/><counter type="METHOD" missed="0" covered="1"/></method><method name="isConsistent" desc="()Z" line="213"><counter type="INSTRUCTION" missed="0" covered="15"/><counter type="BRANCH" missed="0" covered="4"/><counter type="LINE" missed="0" covered="2"/><counter type="COMPLEXITY" missed="0" covered="3"/><counter type="METHOD" missed="0" covered="1"/></method><method name="isMapped" desc="(Ljava/lang/String;)Z" line="225"><counter type="INSTRUCTION" missed="0" covered="13"/><counter type="BRANCH" missed="0" covered="4"/><counter type="LINE" missed="0" covered="2"/><counter type="COMPLEXITY" missed="0" covered="3"/><counter type="METHOD" missed="0" covered="1"/></method><method name="isSet" desc="(I)Z" line="237"><counter type="INSTRUCTION" missed="0" covered="12"/><counter type="BRANCH" missed="0" covered="4"/><counter type="LINE" missed="0" covered="1"/><counter type="COMPLEXITY" missed="0" covered="3"/><counter type="METHOD" missed="0" covered="1"/></method><method name="isSet" desc="(Ljava/lang/String;)Z" line="248"><counter type="INSTRUCTION" missed="0" covered="18"/><counter type="BRANCH" missed="0" covered="4"/><counter type="LINE" missed="0" covered="1"/><counter type="COMPLEXITY" missed="0" covered="3"/><counter type="METHOD" missed="0" covered="1"/></method><method name="iterator" desc="()Ljava/util/Iterator;" line="258"><counter type="INSTRUCTION" missed="0" covered="4"/><counter type="LINE" missed="0" covered="1"/><counter type="COMPLEXITY" missed="0" covered="1"/><counter type="METHOD" missed="0" covered="1"/></method><method name="putIn" desc="(Ljava/util/Map;)Ljava/util/Map;" line="270"><counter type="INSTRUCTION" missed="0" covered="13"/><counter type="BRANCH" missed="0" covered="2"/><counter type="LINE" missed="0" covered="4"/><counter type="COMPLEXITY" missed="0" covered="2"/><counter type="METHOD" missed="0" covered="1"/></method><method name="size" desc="()I" line="287"><counter type="INSTRUCTION" missed="0" covered="4"/><counter type="LINE" missed="0" covered="1"/><counter type="COMPLEXITY" missed="0" covered="1"/><counter type="METHOD" missed="0" covered="1"/></method><method name="stream" desc="()Ljava/util/stream/Stream;" line="297"><counter type="INSTRUCTION" missed="0" covered="4"/><counter type="LINE" missed="0" covered="1"/><counter type="COMPLEXITY" missed="0" covered="1"/><counter type="METHOD" missed="0" covered="1"/></method><method name="toList" desc="()Ljava/util/List;" line="310"><counter type="INSTRUCTION" missed="0" covered="6"/><counter type="LINE" missed="0" covered="1"/><counter type="COMPLEXITY" missed="0" covered="1"/><counter type="METHOD" missed="0" covered="1"/></method><method name="toMap" desc="()Ljava/util/Map;" line="324"><counter type="INSTRUCTION" missed="0" covered="9"/><counter type="LINE" missed="0" covered="1"/><counter type="COMPLEXITY" missed="0" covered="1"/><counter type="METHOD" missed="0" covered="1"/></method><method name="toString" desc="()Ljava/lang/String;" line="335"><counter type="INSTRUCTION" missed="0" covered="23"/><counter type="LINE" missed="0" covered="2"/><counter type="COMPLEXITY" missed="0" covered="1"/><counter type="METHOD" missed="0" covered="1"/></method><method name="values" desc="()[Ljava/lang/String;" line="346"><counter type="INSTRUCTION" missed="0" covered="3"/><counter type="LINE" missed="0" covered="1"/><counter type="COMPLEXITY" missed="0" covered="1"/><counter type="METHOD" missed="0" covered="1"/></method><method name="lambda$putIn$0" desc="(Ljava/util/Map;Ljava/lang/String;Ljava/lang/Integer;)V" line="274"><counter type="INSTRUCTION" missed="0" covered="16"/><counter type="BRANCH" missed="0" covered="2"/><counter type="LINE" missed="0" covered="3"/><counter type="COMPLEXITY" missed="0" covered="2"/><counter type="METHOD" missed="0" covered="1"/></method><counter type="INSTRUCTION" missed="0" covered="268"/><counter type="BRANCH" missed="0" covered="32"/><counter type="LINE" missed="0" covered="47"/><counter type="COMPLEXITY" missed="0" covered="39"/><counter type="METHOD" missed="0" covered="23"/><counter type="CLASS" missed="0" covered="1"/></class><class name="org/apache/commons/csv/Token" sourcefilename="Token.java"><method name="&lt;init&gt;" desc="()V" line="28"><counter type="INSTRUCTION" missed="0" covered="12"/><counter type="LINE" missed="0" covered="3"/><counter type="COMPLEXITY" missed="0" covered="1"/><counter type="METHOD" missed="0" covered="1"/></method><method name="reset" desc="()V" line="62"><counter type="INSTRUCTION" missed="0" covered="14"/><counter type="LINE" missed="0" covered="5"/><counter type="COMPLEXITY" missed="0" covered="1"/><counter type="METHOD" missed="0" covered="1"/></method><method name="toString" desc="()Ljava/lang/String;" line="75"><counter type="INSTRUCTION" missed="0" covered="17"/><counter type="LINE" missed="0" covered="1"/><counter type="COMPLEXITY" missed="0" covered="1"/><counter type="METHOD" missed="0" covered="1"/></method><counter type="INSTRUCTION" missed="0" covered="43"/><counter type="LINE" missed="0" covered="9"/><counter type="COMPLEXITY" missed="0" covered="3"/><counter type="METHOD" missed="0" covered="3"/><counter type="CLASS" missed="0" covered="1"/></class><class name="org/apache/commons/csv/CSVParser$Headers" sourcefilename="CSVParser.java"><method name="&lt;init&gt;" desc="(Ljava/util/Map;Ljava/util/List;)V" line="204"><counter type="INSTRUCTION" missed="0" covered="9"/><counter type="LINE" missed="0" covered="4"/><counter type="COMPLEXITY" missed="0" covered="1"/><counter type="METHOD" missed="0" covered="1"/></method><counter type="INSTRUCTION" missed="0" covered="9"/><counter type="LINE" missed="0" covered="4"/><counter type="COMPLEXITY" missed="0" covered="1"/><counter type="METHOD" missed="0" covered="1"/><counter type="CLASS" missed="0" covered="1"/></class><class name="org/apache/commons/csv/CSVParser" sourcefilename="CSVParser.java"><method name="parse" desc="(Ljava/io/File;Ljava/nio/charset/Charset;Lorg/apache/commons/csv/CSVFormat;)Lorg/apache/commons/csv/CSVParser;" line="226"><counter type="INSTRUCTION" missed="0" covered="10"/><counter type="LINE" missed="0" covered="2"/><counter type="COMPLEXITY" missed="0" covered="1"/><counter type="METHOD" missed="0" covered="1"/></method><method name="parse" desc="(Ljava/io/InputStream;Ljava/nio/charset/Charset;Lorg/apache/commons/csv/CSVFormat;)Lorg/apache/commons/csv/CSVParser;" line="254"><counter type="INSTRUCTION" missed="0" covered="16"/><counter type="LINE" missed="0" covered="3"/><counter type="COMPLEXITY" missed="0" covered="1"/><counter type="METHOD" missed="0" covered="1"/></method><method name="parse" desc="(Ljava/nio/file/Path;Ljava/nio/charset/Charset;Lorg/apache/commons/csv/CSVFormat;)Lorg/apache/commons/csv/CSVParser;" line="277"><counter type="INSTRUCTION" missed="0" covered="16"/><counter type="LINE" missed="0" covered="3"/><counter type="COMPLEXITY" missed="0" covered="1"/><counter type="METHOD" missed="0" covered="1"/></method><method name="parse" desc="(Ljava/io/Reader;Lorg/apache/commons/csv/CSVFormat;)Lorg/apache/commons/csv/CSVParser;" line="302"><counter type="INSTRUCTION" missed="0" covered="6"/><counter type="LINE" missed="0" covered="1"/><counter type="COMPLEXITY" missed="0" covered="1"/><counter type="METHOD" missed="0" covered="1"/></method><method name="parse" desc="(Ljava/lang/String;Lorg/apache/commons/csv/CSVFormat;)Lorg/apache/commons/csv/CSVParser;" line="319"><counter type="INSTRUCTION" missed="0" covered="17"/><counter type="LINE" missed="0" covered="3"/><counter type="COMPLEXITY" missed="0" covered="1"/><counter type="METHOD" missed="0" covered="1"/></method><method name="parse" desc="(Ljava/net/URL;Ljava/nio/charset/Charset;Lorg/apache/commons/csv/CSVFormat;)Lorg/apache/commons/csv/CSVParser;" line="347"><counter type="INSTRUCTION" missed="0" covered="23"/><counter type="LINE" missed="0" covered="4"/><counter type="COMPLEXITY" missed="0" covered="1"/><counter type="METHOD" missed="0" covered="1"/></method><method name="&lt;init&gt;" desc="(Ljava/io/Reader;Lorg/apache/commons/csv/CSVFormat;)V" line="400"><counter type="INSTRUCTION" missed="0" covered="7"/><counter type="LINE" missed="0" covered="2"/><counter type="COMPLEXITY" missed="0" covered="1"/><counter type="METHOD" missed="0" covered="1"/></method><method name="&lt;init&gt;" desc="(Ljava/io/Reader;Lorg/apache/commons/csv/CSVFormat;JJ)V" line="367"><counter type="INSTRUCTION" missed="0" covered="53"/><counter type="LINE" missed="0" covered="12"/><counter type="COMPLEXITY" missed="0" covered="1"/><counter type="METHOD" missed="0" covered="1"/></method><method name="addRecordValue" desc="(Z)V" line="439"><counter type="INSTRUCTION" missed="0" covered="26"/><counter type="BRANCH" missed="0" covered="6"/><counter type="LINE" missed="0" covered="5"/><counter type="COMPLEXITY" missed="0" covered="4"/><counter type="METHOD" missed="0" covered="1"/></method><method name="close" desc="()V" line="454"><counter type="INSTRUCTION" missed="0" covered="4"/><counter type="LINE" missed="0" covered="2"/><counter type="COMPLEXITY" missed="0" covered="1"/><counter type="METHOD" missed="0" covered="1"/></method><method name="createEmptyHeaderMap" desc="()Ljava/util/Map;" line="458"><counter type="INSTRUCTION" missed="0" covered="13"/><counter type="BRANCH" missed="0" covered="2"/><counter type="LINE" missed="0" covered="3"/><counter type="COMPLEXITY" missed="0" covered="2"/><counter type="METHOD" missed="0" covered="1"/></method><method name="createHeaders" desc="()Lorg/apache/commons/csv/CSVParser$Headers;" line="470"><counter type="INSTRUCTION" missed="0" covered="170"/><counter type="BRANCH" missed="1" covered="37"/><counter type="LINE" missed="0" covered="40"/><counter type="COMPLEXITY" missed="1" covered="19"/><counter type="METHOD" missed="0" covered="1"/></method><method name="getCurrentLineNumber" desc="()J" line="542"><counter type="INSTRUCTION" missed="0" covered="4"/><counter type="LINE" missed="0" covered="1"/><counter type="COMPLEXITY" missed="0" covered="1"/><counter type="METHOD" missed="0" covered="1"/></method><method name="getFirstEndOfLine" desc="()Ljava/lang/String;" line="552"><counter type="INSTRUCTION" missed="0" covered="4"/><counter type="LINE" missed="0" covered="1"/><counter type="COMPLEXITY" missed="0" covered="1"/><counter type="METHOD" missed="0" covered="1"/></method><method name="getHeaderComment" desc="()Ljava/lang/String;" line="563"><counter type="INSTRUCTION" missed="0" covered="3"/><counter type="LINE" missed="0" covered="1"/><counter type="COMPLEXITY" missed="0" covered="1"/><counter type="METHOD" missed="0" covered="1"/></method><method name="getHeaderMap" desc="()Ljava/util/Map;" line="579"><counter type="INSTRUCTION" missed="0" covered="16"/><counter type="BRANCH" missed="0" covered="2"/><counter type="LINE" missed="0" covered="5"/><counter type="COMPLEXITY" missed="0" covered="2"/><counter type="METHOD" missed="0" covered="1"/></method><method name="getHeaderMapRaw" desc="()Ljava/util/Map;" line="593"><counter type="INSTRUCTION" missed="0" covered="4"/><counter type="LINE" missed="0" covered="1"/><counter type="COMPLEXITY" missed="0" covered="1"/><counter type="METHOD" missed="0" covered="1"/></method><method name="getHeaderNames" desc="()Ljava/util/List;" line="609"><counter type="INSTRUCTION" missed="0" covered="5"/><counter type="LINE" missed="0" covered="1"/><counter type="COMPLEXITY" missed="0" covered="1"/><counter type="METHOD" missed="0" covered="1"/></method><method name="getRecordNumber" desc="()J" line="623"><counter type="INSTRUCTION" missed="0" covered="3"/><counter type="LINE" missed="0" covered="1"/><counter type="COMPLEXITY" missed="0" covered="1"/><counter type="METHOD" missed="0" covered="1"/></method><method name="getRecords" desc="()Ljava/util/List;" line="639"><counter type="INSTRUCTION" missed="0" covered="6"/><counter type="LINE" missed="0" covered="1"/><counter type="COMPLEXITY" missed="0" covered="1"/><counter type="METHOD" missed="0" covered="1"/></method><method name="getTrailerComment" desc="()Ljava/lang/String;" line="650"><counter type="INSTRUCTION" missed="0" covered="3"/><counter type="LINE" missed="0" covered="1"/><counter type="COMPLEXITY" missed="0" covered="1"/><counter type="METHOD" missed="0" covered="1"/></method><method name="handleNull" desc="(Ljava/lang/String;)Ljava/lang/String;" line="661"><counter type="INSTRUCTION" missed="0" covered="36"/><counter type="BRANCH" missed="0" covered="14"/><counter type="LINE" missed="0" covered="6"/><counter type="COMPLEXITY" missed="0" covered="8"/><counter type="METHOD" missed="0" covered="1"/></method><method name="hasHeaderComment" desc="()Z" line="685"><counter type="INSTRUCTION" missed="0" covered="7"/><counter type="BRANCH" missed="0" covered="2"/><counter type="LINE" missed="0" covered="1"/><counter type="COMPLEXITY" missed="0" covered="2"/><counter type="METHOD" missed="0" covered="1"/></method><method name="hasTrailerComment" desc="()Z" line="698"><counter type="INSTRUCTION" missed="0" covered="7"/><counter type="BRANCH" missed="0" covered="2"/><counter type="LINE" missed="0" covered="1"/><counter type="COMPLEXITY" missed="0" covered="2"/><counter type="METHOD" missed="0" covered="1"/></method><method name="isClosed" desc="()Z" line="707"><counter type="INSTRUCTION" missed="0" covered="4"/><counter type="LINE" missed="0" covered="1"/><counter type="COMPLEXITY" missed="0" covered="1"/><counter type="METHOD" missed="0" covered="1"/></method><method name="isStrictQuoteMode" desc="()Z" line="717"><counter type="INSTRUCTION" missed="0" covered="14"/><counter type="BRANCH" missed="0" covered="4"/><counter type="LINE" missed="0" covered="2"/><counter type="COMPLEXITY" missed="0" covered="3"/><counter type="METHOD" missed="0" covered="1"/></method><method name="iterator" desc="()Ljava/util/Iterator;" line="742"><counter type="INSTRUCTION" missed="0" covered="3"/><counter type="LINE" missed="0" covered="1"/><counter type="COMPLEXITY" missed="0" covered="1"/><counter type="METHOD" missed="0" covered="1"/></method><method name="nextRecord" desc="()Lorg/apache/commons/csv/CSVRecord;" line="753"><counter type="INSTRUCTION" missed="29" covered="110"/><counter type="BRANCH" missed="2" covered="14"/><counter type="LINE" missed="2" covered="27"/><counter type="COMPLEXITY" missed="2" covered="9"/><counter type="METHOD" missed="0" covered="1"/></method><method name="stream" desc="()Ljava/util/stream/Stream;" line="809"><counter type="INSTRUCTION" missed="0" covered="7"/><counter type="LINE" missed="0" covered="1"/><counter type="COMPLEXITY" missed="0" covered="1"/><counter type="METHOD" missed="0" covered="1"/></method><counter type="INSTRUCTION" missed="29" covered="597"/><counter type="BRANCH" missed="3" covered="83"/><counter type="LINE" missed="2" covered="133"/><counter type="COMPLEXITY" missed="3" covered="71"/><counter type="METHOD" missed="0" covered="29"/><counter type="CLASS" missed="0" covered="1"/></class><class name="org/apache/commons/csv/QuoteMode" sourcefilename="QuoteMode.java"><method name="&lt;clinit&gt;" desc="()V" line="22"><counter type="INSTRUCTION" missed="0" covered="54"/><counter type="LINE" missed="0" covered="6"/><counter type="COMPLEXITY" missed="0" covered="1"/><counter type="METHOD" missed="0" covered="1"/></method><counter type="INSTRUCTION" missed="0" covered="54"/><counter type="LINE" missed="0" covered="6"/><counter type="COMPLEXITY" missed="0" covered="1"/><counter type="METHOD" missed="0" covered="1"/><counter type="CLASS" missed="0" covered="1"/></class><class name="org/apache/commons/csv/DuplicateHeaderMode" sourcefilename="DuplicateHeaderMode.java"><method name="&lt;clinit&gt;" desc="()V" line="26"><counter type="INSTRUCTION" missed="0" covered="34"/><counter type="LINE" missed="0" covered="4"/><counter type="COMPLEXITY" missed="0" covered="1"/><counter type="METHOD" missed="0" covered="1"/></method><counter type="INSTRUCTION" missed="0" covered="34"/><counter type="LINE" missed="0" covered="4"/><counter type="COMPLEXITY" missed="0" covered="1"/><counter type="METHOD" missed="0" covered="1"/><counter type="CLASS" missed="0" covered="1"/></class><class name="org/apache/commons/csv/CSVFormat$Predefined" sourcefilename="CSVFormat.java"><method name="&lt;init&gt;" desc="(Ljava/lang/String;ILorg/apache/commons/csv/CSVFormat;)V" line="904"><counter type="INSTRUCTION" missed="0" covered="8"/><counter type="LINE" missed="0" covered="3"/><counter type="COMPLEXITY" missed="0" covered="1"/><counter type="METHOD" missed="0" covered="1"/></method><method name="getFormat" desc="()Lorg/apache/commons/csv/CSVFormat;" line="914"><counter type="INSTRUCTION" missed="0" covered="3"/><counter type="LINE" missed="0" covered="1"/><counter type="COMPLEXITY" missed="0" covered="1"/><counter type="METHOD" missed="0" covered="1"/></method><method name="&lt;clinit&gt;" desc="()V" line="835"><counter type="INSTRUCTION" missed="0" covered="136"/><counter type="LINE" missed="0" covered="13"/><counter type="COMPLEXITY" missed="0" covered="1"/><counter type="METHOD" missed="0" covered="1"/></method><counter type="INSTRUCTION" missed="0" covered="147"/><counter type="LINE" missed="0" covered="17"/><counter type="COMPLEXITY" missed="0" covered="3"/><counter type="METHOD" missed="0" covered="3"/><counter type="CLASS" missed="0" covered="1"/></class><class name="org/apache/commons/csv/Lexer" sourcefilename="Lexer.java"><method name="&lt;init&gt;" desc="(Lorg/apache/commons/csv/CSVFormat;Lorg/apache/commons/csv/ExtendedBufferedReader;)V" line="59"><counter type="INSTRUCTION" missed="0" covered="62"/><counter type="LINE" missed="0" covered="13"/><counter type="COMPLEXITY" missed="0" covered="1"/><counter type="METHOD" missed="0" covered="1"/></method><method name="close" desc="()V" line="81"><counter type="INSTRUCTION" missed="0" covered="4"/><counter type="LINE" missed="0" covered="2"/><counter type="COMPLEXITY" missed="0" covered="1"/><counter type="METHOD" missed="0" covered="1"/></method><method name="getCharacterPosition" desc="()J" line="90"><counter type="INSTRUCTION" missed="0" covered="4"/><counter type="LINE" missed="0" covered="1"/><counter type="COMPLEXITY" missed="0" covered="1"/><counter type="METHOD" missed="0" covered="1"/></method><method name="getCurrentLineNumber" desc="()J" line="99"><counter type="INSTRUCTION" missed="0" covered="4"/><counter type="LINE" missed="0" covered="1"/><counter type="COMPLEXITY" missed="0" covered="1"/><counter type="METHOD" missed="0" covered="1"/></method><method name="getFirstEol" desc="()Ljava/lang/String;" line="103"><counter type="INSTRUCTION" missed="0" covered="3"/><counter type="LINE" missed="0" covered="1"/><counter type="COMPLEXITY" missed="0" covered="1"/><counter type="METHOD" missed="0" covered="1"/></method><method name="isClosed" desc="()Z" line="107"><counter type="INSTRUCTION" missed="0" covered="4"/><counter type="LINE" missed="0" covered="1"/><counter type="COMPLEXITY" missed="0" covered="1"/><counter type="METHOD" missed="0" covered="1"/></method><method name="isCommentStart" desc="(I)Z" line="111"><counter type="INSTRUCTION" missed="0" covered="8"/><counter type="BRANCH" missed="0" covered="2"/><counter type="LINE" missed="0" covered="1"/><counter type="COMPLEXITY" missed="0" covered="2"/><counter type="METHOD" missed="0" covered="1"/></method><method name="isDelimiter" desc="(I)Z" line="123"><counter type="INSTRUCTION" missed="0" covered="70"/><counter type="BRANCH" missed="0" covered="10"/><counter type="LINE" missed="0" covered="13"/><counter type="COMPLEXITY" missed="0" covered="6"/><counter type="METHOD" missed="0" covered="1"/></method><method name="isEndOfFile" desc="(I)Z" line="148"><counter type="INSTRUCTION" missed="0" covered="7"/><counter type="BRANCH" missed="0" covered="2"/><counter type="LINE" missed="0" covered="1"/><counter type="COMPLEXITY" missed="0" covered="2"/><counter type="METHOD" missed="0" covered="1"/></method><method name="isEscape" desc="(I)Z" line="157"><counter type="INSTRUCTION" missed="0" covered="8"/><counter type="BRANCH" missed="0" covered="2"/><counter type="LINE" missed="0" covered="1"/><counter type="COMPLEXITY" missed="0" covered="2"/><counter type="METHOD" missed="0" covered="1"/></method><method name="isEscapeDelimiter" desc="()Z" line="169"><counter type="INSTRUCTION" missed="1" covered="66"/><counter type="BRANCH" missed="2" covered="8"/><counter type="LINE" missed="0" covered="8"/><counter type="COMPLEXITY" missed="2" covered="4"/><counter type="METHOD" missed="0" covered="1"/></method><method name="isMetaChar" desc="(I)Z" line="183"><counter type="INSTRUCTION" missed="0" covered="16"/><counter type="BRANCH" missed="0" covered="6"/><counter type="LINE" missed="0" covered="1"/><counter type="COMPLEXITY" missed="0" covered="4"/><counter type="METHOD" missed="0" covered="1"/></method><method name="isQuoteChar" desc="(I)Z" line="187"><counter type="INSTRUCTION" missed="0" covered="8"/><counter type="BRANCH" missed="0" covered="2"/><counter type="LINE" missed="0" covered="1"/><counter type="COMPLEXITY" missed="0" covered="2"/><counter type="METHOD" missed="0" covered="1"/></method><method name="isStartOfLine" desc="(I)Z" line="197"><counter type="INSTRUCTION" missed="0" covered="13"/><counter type="BRANCH" missed="0" covered="6"/><counter type="LINE" missed="0" covered="1"/><counter type="COMPLEXITY" missed="0" covered="4"/><counter type="METHOD" missed="0" covered="1"/></method><method name="mapNullToDisabled" desc="(Ljava/lang/Character;)C" line="201"><counter type="INSTRUCTION" missed="0" covered="7"/><counter type="BRANCH" missed="0" covered="2"/><counter type="LINE" missed="0" covered="1"/><counter type="COMPLEXITY" missed="0" covered="2"/><counter type="METHOD" missed="0" covered="1"/></method><method name="nextToken" desc="(Lorg/apache/commons/csv/Token;)Lorg/apache/commons/csv/Token;" line="217"><counter type="INSTRUCTION" missed="0" covered="156"/><counter type="BRANCH" missed="0" covered="38"/><counter type="LINE" missed="0" covered="39"/><counter type="COMPLEXITY" missed="0" covered="20"/><counter type="METHOD" missed="0" covered="1"/></method><method name="parseEncapsulatedToken" desc="(Lorg/apache/commons/csv/Token;)Lorg/apache/commons/csv/Token;" line="312"><counter type="INSTRUCTION" missed="0" covered="143"/><counter type="BRANCH" missed="0" covered="20"/><counter type="LINE" missed="0" covered="32"/><counter type="COMPLEXITY" missed="0" covered="11"/><counter type="METHOD" missed="0" covered="1"/></method><method name="parseSimpleToken" desc="(Lorg/apache/commons/csv/Token;I)Lorg/apache/commons/csv/Token;" line="391"><counter type="INSTRUCTION" missed="0" covered="55"/><counter type="BRANCH" missed="0" covered="10"/><counter type="LINE" missed="0" covered="17"/><counter type="COMPLEXITY" missed="0" covered="6"/><counter type="METHOD" missed="0" covered="1"/></method><method name="appendNextEscapedCharacterToToken" desc="(Lorg/apache/commons/csv/Token;)V" line="429"><counter type="INSTRUCTION" missed="0" covered="35"/><counter type="BRANCH" missed="0" covered="4"/><counter type="LINE" missed="0" covered="7"/><counter type="COMPLEXITY" missed="0" covered="3"/><counter type="METHOD" missed="0" covered="1"/></method><method name="readEndOfLine" desc="(I)Z" line="448"><counter type="INSTRUCTION" missed="0" covered="44"/><counter type="BRANCH" missed="0" covered="16"/><counter type="LINE" missed="0" covered="10"/><counter type="COMPLEXITY" missed="0" covered="9"/><counter type="METHOD" missed="0" covered="1"/></method><method name="readEscape" desc="()I" line="482"><counter type="INSTRUCTION" missed="0" covered="31"/><counter type="BRANCH" missed="0" covered="10"/><counter type="LINE" missed="0" covered="12"/><counter type="COMPLEXITY" missed="0" covered="9"/><counter type="METHOD" missed="0" covered="1"/></method><method name="trimTrailingSpaces" desc="(Ljava/lang/StringBuilder;)V" line="513"><counter type="INSTRUCTION" missed="0" covered="22"/><counter type="BRANCH" missed="0" covered="6"/><counter type="LINE" missed="0" covered="6"/><counter type="COMPLEXITY" missed="0" covered="4"/><counter type="METHOD" missed="0" covered="1"/></method><method name="&lt;clinit&gt;" desc="()V" line="32"><counter type="INSTRUCTION" missed="0" covered="7"/><counter type="LINE" missed="0" covered="2"/><counter type="COMPLEXITY" missed="0" covered="1"/><counter type="METHOD" missed="0" covered="1"/></method><counter type="INSTRUCTION" missed="1" covered="777"/><counter type="BRANCH" missed="2" covered="144"/><counter type="LINE" missed="0" covered="172"/><counter type="COMPLEXITY" missed="2" covered="97"/><counter type="METHOD" missed="0" covered="23"/><counter type="CLASS" missed="0" covered="1"/></class><class name="org/apache/commons/csv/Token$Type" sourcefilename="Token.java"><method name="&lt;clinit&gt;" desc="()V" line="30"><counter type="INSTRUCTION" missed="0" covered="54"/><counter type="LINE" missed="0" covered="6"/><counter type="COMPLEXITY" missed="0" covered="1"/><counter type="METHOD" missed="0" covered="1"/></method><counter type="INSTRUCTION" missed="0" covered="54"/><counter type="LINE" missed="0" covered="6"/><counter type="COMPLEXITY" missed="0" covered="1"/><counter type="METHOD" missed="0" covered="1"/><counter type="CLASS" missed="0" covered="1"/></class><class name="org/apache/commons/csv/CSVFormat" sourcefilename="CSVFormat.java"><method name="clone" desc="([Ljava/lang/Object;)[Ljava/lang/Object;" line="1323"><counter type="INSTRUCTION" missed="0" covered="8"/><counter type="BRANCH" missed="0" covered="2"/><counter type="LINE" missed="0" covered="1"/><counter type="COMPLEXITY" missed="0" covered="2"/><counter type="METHOD" missed="0" covered="1"/></method><method name="contains" desc="(Ljava/lang/String;C)Z" line="1335"><counter type="INSTRUCTION" missed="0" covered="11"/><counter type="BRANCH" missed="0" covered="2"/><counter type="LINE" missed="0" covered="1"/><counter type="COMPLEXITY" missed="0" covered="2"/><counter type="METHOD" missed="0" covered="1"/></method><method name="containsLineBreak" desc="(Ljava/lang/String;)Z" line="1346"><counter type="INSTRUCTION" missed="0" covered="12"/><counter type="BRANCH" missed="0" covered="4"/><counter type="LINE" missed="0" covered="1"/><counter type="COMPLEXITY" missed="0" covered="3"/><counter type="METHOD" missed="0" covered="1"/></method><method name="isBlank" desc="(Ljava/lang/String;)Z" line="1350"><counter type="INSTRUCTION" missed="0" covered="10"/><counter type="BRANCH" missed="0" covered="4"/><counter type="LINE" missed="0" covered="1"/><counter type="COMPLEXITY" missed="0" covered="3"/><counter type="METHOD" missed="0" covered="1"/></method><method name="isLineBreak" desc="(C)Z" line="1361"><counter type="INSTRUCTION" missed="0" covered="10"/><counter type="BRANCH" missed="0" covered="4"/><counter type="LINE" missed="0" covered="1"/><counter type="COMPLEXITY" missed="0" covered="3"/><counter type="METHOD" missed="0" covered="1"/></method><method name="isLineBreak" desc="(Ljava/lang/Character;)Z" line="1372"><counter type="INSTRUCTION" missed="0" covered="10"/><counter type="BRANCH" missed="0" covered="4"/><counter type="LINE" missed="0" covered="1"/><counter type="COMPLEXITY" missed="0" covered="3"/><counter type="METHOD" missed="0" covered="1"/></method><method name="isTrimChar" desc="(C)Z" line="1377"><counter type="INSTRUCTION" missed="0" covered="7"/><counter type="BRANCH" missed="0" covered="2"/><counter type="LINE" missed="0" covered="1"/><counter type="COMPLEXITY" missed="0" covered="2"/><counter type="METHOD" missed="0" covered="1"/></method><method name="isTrimChar" desc="(Ljava/lang/CharSequence;I)Z" line="1382"><counter type="INSTRUCTION" missed="0" covered="5"/><counter type="LINE" missed="0" covered="1"/><counter type="COMPLEXITY" missed="0" covered="1"/><counter type="METHOD" missed="0" covered="1"/></method><method name="newFormat" desc="(C)Lorg/apache/commons/csv/CSVFormat;" line="1403"><counter type="INSTRUCTION" missed="0" covered="25"/><counter type="LINE" missed="0" covered="1"/><counter type="COMPLEXITY" missed="0" covered="1"/><counter type="METHOD" missed="0" covered="1"/></method><method name="toStringArray" desc="([Ljava/lang/Object;)[Ljava/lang/String;" line="1408"><counter type="INSTRUCTION" missed="0" covered="14"/><counter type="BRANCH" missed="0" covered="2"/><counter type="LINE" missed="0" covered="5"/><counter type="COMPLEXITY" missed="0" covered="2"/><counter type="METHOD" missed="0" covered="1"/></method><method name="trim" desc="(Ljava/lang/CharSequence;)Ljava/lang/CharSequence;" line="1417"><counter type="INSTRUCTION" missed="0" covered="46"/><counter type="BRANCH" missed="0" covered="14"/><counter type="LINE" missed="0" covered="10"/><counter type="COMPLEXITY" missed="0" covered="8"/><counter type="METHOD" missed="0" covered="1"/></method><method name="valueOf" desc="(Ljava/lang/String;)Lorg/apache/commons/csv/CSVFormat;" line="1441"><counter type="INSTRUCTION" missed="0" covered="4"/><counter type="LINE" missed="0" covered="1"/><counter type="COMPLEXITY" missed="0" covered="1"/><counter type="METHOD" missed="0" covered="1"/></method><method name="&lt;init&gt;" desc="(Lorg/apache/commons/csv/CSVFormat$Builder;)V" line="1495"><counter type="INSTRUCTION" missed="0" covered="89"/><counter type="LINE" missed="0" covered="24"/><counter type="COMPLEXITY" missed="0" covered="1"/><counter type="METHOD" missed="0" covered="1"/></method><method name="&lt;init&gt;" desc="(Ljava/lang/String;Ljava/lang/Character;Lorg/apache/commons/csv/QuoteMode;Ljava/lang/Character;Ljava/lang/Character;ZZLjava/lang/String;Ljava/lang/String;[Ljava/lang/Object;[Ljava/lang/String;ZZZZZZLorg/apache/commons/csv/DuplicateHeaderMode;ZZ)V" line="1549"><counter type="INSTRUCTION" missed="0" covered="82"/><counter type="LINE" missed="0" covered="24"/><counter type="COMPLEXITY" missed="0" covered="1"/><counter type="METHOD" missed="0" covered="1"/></method><method name="append" desc="(CLjava/lang/Appendable;)V" line="1576"><counter type="INSTRUCTION" missed="0" covered="5"/><counter type="LINE" missed="0" covered="2"/><counter type="COMPLEXITY" missed="0" covered="1"/><counter type="METHOD" missed="0" covered="1"/></method><method name="append" desc="(Ljava/lang/CharSequence;Ljava/lang/Appendable;)V" line="1584"><counter type="INSTRUCTION" missed="0" covered="5"/><counter type="LINE" missed="0" covered="2"/><counter type="COMPLEXITY" missed="0" covered="1"/><counter type="METHOD" missed="0" covered="1"/></method><method name="builder" desc="()Lorg/apache/commons/csv/CSVFormat$Builder;" line="1596"><counter type="INSTRUCTION" missed="0" covered="3"/><counter type="LINE" missed="0" covered="1"/><counter type="COMPLEXITY" missed="0" covered="1"/><counter type="METHOD" missed="0" covered="1"/></method><method name="copy" desc="()Lorg/apache/commons/csv/CSVFormat;" line="1605"><counter type="INSTRUCTION" missed="0" covered="4"/><counter type="LINE" missed="0" covered="1"/><counter type="COMPLEXITY" missed="0" covered="1"/><counter type="METHOD" missed="0" covered="1"/></method><method name="equals" desc="(Ljava/lang/Object;)Z" line="1610"><counter type="INSTRUCTION" missed="4" covered="133"/><counter type="BRANCH" missed="5" covered="43"/><counter type="LINE" missed="2" covered="12"/><counter type="COMPLEXITY" missed="5" covered="20"/><counter type="METHOD" missed="0" covered="1"/></method><method name="escape" desc="(CLjava/lang/Appendable;)V" line="1633"><counter type="INSTRUCTION" missed="0" covered="11"/><counter type="LINE" missed="0" covered="3"/><counter type="COMPLEXITY" missed="0" covered="1"/><counter type="METHOD" missed="0" covered="1"/></method><method name="format" desc="([Ljava/lang/Object;)Ljava/lang/String;" line="1644"><counter type="INSTRUCTION" missed="0" covered="6"/><counter type="LINE" missed="0" covered="1"/><counter type="COMPLEXITY" missed="0" covered="1"/><counter type="METHOD" missed="0" covered="1"/></method><method name="format_" desc="([Ljava/lang/Object;)Ljava/lang/String;" line="1648"><counter type="INSTRUCTION" missed="0" covered="36"/><counter type="BRANCH" missed="0" covered="2"/><counter type="LINE" missed="0" covered="6"/><counter type="COMPLEXITY" missed="0" covered="2"/><counter type="METHOD" missed="0" covered="1"/></method><method name="getAllowDuplicateHeaderNames" desc="()Z" line="1666"><counter type="INSTRUCTION" missed="0" covered="8"/><counter type="BRANCH" missed="0" covered="2"/><counter type="LINE" missed="0" covered="1"/><counter type="COMPLEXITY" missed="0" covered="2"/><counter type="METHOD" missed="0" covered="1"/></method><method name="getAllowMissingColumnNames" desc="()Z" line="1675"><counter type="INSTRUCTION" missed="0" covered="3"/><counter type="LINE" missed="0" covered="1"/><counter type="COMPLEXITY" missed="0" covered="1"/><counter type="METHOD" missed="0" covered="1"/></method><method name="getAutoFlush" desc="()Z" line="1685"><counter type="INSTRUCTION" missed="0" covered="3"/><counter type="LINE" missed="0" covered="1"/><counter type="COMPLEXITY" missed="0" covered="1"/><counter type="METHOD" missed="0" covered="1"/></method><method name="getCommentMarker" desc="()Ljava/lang/Character;" line="1721"><counter type="INSTRUCTION" missed="0" covered="3"/><counter type="LINE" missed="0" covered="1"/><counter type="COMPLEXITY" missed="0" covered="1"/><counter type="METHOD" missed="0" covered="1"/></method><method name="getDelimiter" desc="()C" line="1732"><counter type="INSTRUCTION" missed="0" covered="5"/><counter type="LINE" missed="0" covered="1"/><counter type="COMPLEXITY" missed="0" covered="1"/><counter type="METHOD" missed="0" covered="1"/></method><method name="getDelimiterCharArray" desc="()[C" line="1741"><counter type="INSTRUCTION" missed="0" covered="4"/><counter type="LINE" missed="0" covered="1"/><counter type="COMPLEXITY" missed="0" covered="1"/><counter type="METHOD" missed="0" covered="1"/></method><method name="getDelimiterString" desc="()Ljava/lang/String;" line="1751"><counter type="INSTRUCTION" missed="0" covered="3"/><counter type="LINE" missed="0" covered="1"/><counter type="COMPLEXITY" missed="0" covered="1"/><counter type="METHOD" missed="0" covered="1"/></method><method name="getDuplicateHeaderMode" desc="()Lorg/apache/commons/csv/DuplicateHeaderMode;" line="1761"><counter type="INSTRUCTION" missed="0" covered="3"/><counter type="LINE" missed="0" covered="1"/><counter type="COMPLEXITY" missed="0" covered="1"/><counter type="METHOD" missed="0" covered="1"/></method><method name="getEscapeChar" desc="()C" line="1770"><counter type="INSTRUCTION" missed="1" covered="8"/><counter type="BRANCH" missed="1" covered="1"/><counter type="LINE" missed="0" covered="1"/><counter type="COMPLEXITY" missed="1" covered="1"/><counter type="METHOD" missed="0" covered="1"/></method><method name="getEscapeCharacter" desc="()Ljava/lang/Character;" line="1779"><counter type="INSTRUCTION" missed="0" covered="3"/><counter type="LINE" missed="0" covered="1"/><counter type="COMPLEXITY" missed="0" covered="1"/><counter type="METHOD" missed="0" covered="1"/></method><method name="getHeader" desc="()[Ljava/lang/String;" line="1788"><counter type="INSTRUCTION" missed="0" covered="10"/><counter type="BRANCH" missed="0" covered="2"/><counter type="LINE" missed="0" covered="1"/><counter type="COMPLEXITY" missed="0" covered="2"/><counter type="METHOD" missed="0" covered="1"/></method><method name="getHeaderComments" desc="()[Ljava/lang/String;" line="1824"><counter type="INSTRUCTION" missed="0" covered="10"/><counter type="BRANCH" missed="0" covered="2"/><counter type="LINE" missed="0" covered="1"/><counter type="COMPLEXITY" missed="0" covered="2"/><counter type="METHOD" missed="0" covered="1"/></method><method name="getIgnoreEmptyLines" desc="()Z" line="1833"><counter type="INSTRUCTION" missed="0" covered="3"/><counter type="LINE" missed="0" covered="1"/><counter type="COMPLEXITY" missed="0" covered="1"/><counter type="METHOD" missed="0" covered="1"/></method><method name="getIgnoreHeaderCase" desc="()Z" line="1843"><counter type="INSTRUCTION" missed="0" covered="3"/><counter type="LINE" missed="0" covered="1"/><counter type="COMPLEXITY" missed="0" covered="1"/><counter type="METHOD" missed="0" covered="1"/></method><method name="getIgnoreSurroundingSpaces" desc="()Z" line="1852"><counter type="INSTRUCTION" missed="0" covered="3"/><counter type="LINE" missed="0" covered="1"/><counter type="COMPLEXITY" missed="0" covered="1"/><counter type="METHOD" missed="0" covered="1"/></method><method name="getLenientEof" desc="()Z" line="1862"><counter type="INSTRUCTION" missed="0" covered="3"/><counter type="LINE" missed="0" covered="1"/><counter type="COMPLEXITY" missed="0" covered="1"/><counter type="METHOD" missed="0" covered="1"/></method><method name="getNullString" desc="()Ljava/lang/String;" line="1875"><counter type="INSTRUCTION" missed="0" covered="3"/><counter type="LINE" missed="0" covered="1"/><counter type="COMPLEXITY" missed="0" covered="1"/><counter type="METHOD" missed="0" covered="1"/></method><method name="getQuoteCharacter" desc="()Ljava/lang/Character;" line="1884"><counter type="INSTRUCTION" missed="0" covered="3"/><counter type="LINE" missed="0" covered="1"/><counter type="COMPLEXITY" missed="0" covered="1"/><counter type="METHOD" missed="0" covered="1"/></method><method name="getQuoteMode" desc="()Lorg/apache/commons/csv/QuoteMode;" line="1893"><counter type="INSTRUCTION" missed="0" covered="3"/><counter type="LINE" missed="0" covered="1"/><counter type="COMPLEXITY" missed="0" covered="1"/><counter type="METHOD" missed="0" covered="1"/></method><method name="getRecordSeparator" desc="()Ljava/lang/String;" line="1902"><counter type="INSTRUCTION" missed="0" covered="3"/><counter type="LINE" missed="0" covered="1"/><counter type="COMPLEXITY" missed="0" covered="1"/><counter type="METHOD" missed="0" covered="1"/></method><method name="getSkipHeaderRecord" desc="()Z" line="1911"><counter type="INSTRUCTION" missed="0" covered="3"/><counter type="LINE" missed="0" covered="1"/><counter type="COMPLEXITY" missed="0" covered="1"/><counter type="METHOD" missed="0" covered="1"/></method><method name="getTrailingData" desc="()Z" line="1921"><counter type="INSTRUCTION" missed="0" covered="3"/><counter type="LINE" missed="0" covered="1"/><counter type="COMPLEXITY" missed="0" covered="1"/><counter type="METHOD" missed="0" covered="1"/></method><method name="getTrailingDelimiter" desc="()Z" line="1931"><counter type="INSTRUCTION" missed="0" covered="3"/><counter type="LINE" missed="0" covered="1"/><counter type="COMPLEXITY" missed="0" covered="1"/><counter type="METHOD" missed="0" covered="1"/></method><method name="getTrim" desc="()Z" line="1941"><counter type="INSTRUCTION" missed="0" covered="3"/><counter type="LINE" missed="0" covered="1"/><counter type="COMPLEXITY" missed="0" covered="1"/><counter type="METHOD" missed="0" covered="1"/></method><method name="hashCode" desc="()I" line="1946"><counter type="INSTRUCTION" missed="0" covered="135"/><counter type="LINE" missed="0" covered="8"/><counter type="COMPLEXITY" missed="0" covered="1"/><counter type="METHOD" missed="0" covered="1"/></method><method name="isCommentMarkerSet" desc="()Z" line="1964"><counter type="INSTRUCTION" missed="0" covered="7"/><counter type="BRANCH" missed="0" covered="2"/><counter type="LINE" missed="0" covered="1"/><counter type="COMPLEXITY" missed="0" covered="2"/><counter type="METHOD" missed="0" covered="1"/></method><method name="isDelimiter" desc="(CLjava/lang/CharSequence;I[CI)Z" line="1983"><counter type="INSTRUCTION" missed="0" covered="37"/><counter type="BRANCH" missed="0" covered="8"/><counter type="LINE" missed="0" covered="9"/><counter type="COMPLEXITY" missed="0" covered="5"/><counter type="METHOD" missed="0" covered="1"/></method><method name="isEscapeCharacterSet" desc="()Z" line="2004"><counter type="INSTRUCTION" missed="0" covered="7"/><counter type="BRANCH" missed="0" covered="2"/><counter type="LINE" missed="0" covered="1"/><counter type="COMPLEXITY" missed="0" covered="2"/><counter type="METHOD" missed="0" covered="1"/></method><method name="isNullStringSet" desc="()Z" line="2013"><counter type="INSTRUCTION" missed="0" covered="7"/><counter type="BRANCH" missed="0" covered="2"/><counter type="LINE" missed="0" covered="1"/><counter type="COMPLEXITY" missed="0" covered="2"/><counter type="METHOD" missed="0" covered="1"/></method><method name="isQuoteCharacterSet" desc="()Z" line="2022"><counter type="INSTRUCTION" missed="0" covered="7"/><counter type="BRANCH" missed="0" covered="2"/><counter type="LINE" missed="0" covered="1"/><counter type="COMPLEXITY" missed="0" covered="2"/><counter type="METHOD" missed="0" covered="1"/></method><method name="parse" desc="(Ljava/io/Reader;)Lorg/apache/commons/csv/CSVParser;" line="2037"><counter type="INSTRUCTION" missed="0" covered="6"/><counter type="LINE" missed="0" covered="1"/><counter type="COMPLEXITY" missed="0" covered="1"/><counter type="METHOD" missed="0" covered="1"/></method><method name="print" desc="(Ljava/lang/Appendable;)Lorg/apache/commons/csv/CSVPrinter;" line="2052"><counter type="INSTRUCTION" missed="0" covered="6"/><counter type="LINE" missed="0" covered="1"/><counter type="COMPLEXITY" missed="0" covered="1"/><counter type="METHOD" missed="0" covered="1"/></method><method name="print" desc="(Ljava/io/File;Ljava/nio/charset/Charset;)Lorg/apache/commons/csv/CSVPrinter;" line="2069"><counter type="INSTRUCTION" missed="0" covered="6"/><counter type="LINE" missed="0" covered="1"/><counter type="COMPLEXITY" missed="0" covered="1"/><counter type="METHOD" missed="0" covered="1"/></method><method name="print" desc="(Ljava/io/InputStream;Ljava/lang/Appendable;Z)V" line="2075"><counter type="INSTRUCTION" missed="0" covered="39"/><counter type="BRANCH" missed="3" covered="3"/><counter type="LINE" missed="0" covered="10"/><counter type="COMPLEXITY" missed="3" covered="1"/><counter type="METHOD" missed="0" covered="1"/></method><method name="print" desc="(Ljava/lang/Object;Ljava/lang/Appendable;Z)V" line="2106"><counter type="INSTRUCTION" missed="0" covered="66"/><counter type="BRANCH" missed="0" covered="14"/><counter type="LINE" missed="0" covered="18"/><counter type="COMPLEXITY" missed="0" covered="8"/><counter type="METHOD" missed="0" covered="1"/></method><method name="print" desc="(Ljava/lang/Object;Ljava/lang/CharSequence;Ljava/lang/Appendable;Z)V" line="2131"><counter type="INSTRUCTION" missed="0" covered="44"/><counter type="BRANCH" missed="0" covered="8"/><counter type="LINE" missed="0" covered="12"/><counter type="COMPLEXITY" missed="0" covered="5"/><counter type="METHOD" missed="0" covered="1"/></method><method name="print" desc="(Ljava/nio/file/Path;Ljava/nio/charset/Charset;)Lorg/apache/commons/csv/CSVPrinter;" line="2164"><counter type="INSTRUCTION" missed="0" covered="8"/><counter type="LINE" missed="0" covered="1"/><counter type="COMPLEXITY" missed="0" covered="1"/><counter type="METHOD" missed="0" covered="1"/></method><method name="print" desc="(Ljava/io/Reader;Ljava/lang/Appendable;Z)V" line="2169"><counter type="INSTRUCTION" missed="0" covered="37"/><counter type="BRANCH" missed="0" covered="8"/><counter type="LINE" missed="0" covered="10"/><counter type="COMPLEXITY" missed="0" covered="5"/><counter type="METHOD" missed="0" covered="1"/></method><method name="printer" desc="()Lorg/apache/commons/csv/CSVPrinter;" line="2195"><counter type="INSTRUCTION" missed="0" covered="6"/><counter type="LINE" missed="0" covered="1"/><counter type="COMPLEXITY" missed="0" covered="1"/><counter type="METHOD" missed="0" covered="1"/></method><method name="println" desc="(Ljava/lang/Appendable;)V" line="2206"><counter type="INSTRUCTION" missed="0" covered="17"/><counter type="BRANCH" missed="0" covered="4"/><counter type="LINE" missed="0" covered="5"/><counter type="COMPLEXITY" missed="0" covered="3"/><counter type="METHOD" missed="0" covered="1"/></method><method name="printRecord" desc="(Ljava/lang/Appendable;[Ljava/lang/Object;)V" line="2228"><counter type="INSTRUCTION" missed="0" covered="23"/><counter type="BRANCH" missed="0" covered="4"/><counter type="LINE" missed="0" covered="4"/><counter type="COMPLEXITY" missed="0" covered="3"/><counter type="METHOD" missed="0" covered="1"/></method><method name="printWithEscapes" desc="(Ljava/lang/CharSequence;Ljava/lang/Appendable;)V" line="2238"><counter type="INSTRUCTION" missed="0" covered="108"/><counter type="BRANCH" missed="0" covered="26"/><counter type="LINE" missed="0" covered="29"/><counter type="COMPLEXITY" missed="0" covered="14"/><counter type="METHOD" missed="0" covered="1"/></method><method name="printWithEscapes" desc="(Ljava/io/Reader;Ljava/lang/Appendable;)V" line="2281"><counter type="INSTRUCTION" missed="8" covered="141"/><counter type="BRANCH" missed="1" covered="25"/><counter type="LINE" missed="1" covered="33"/><counter type="COMPLEXITY" missed="1" covered="13"/><counter type="METHOD" missed="0" covered="1"/></method><method name="printWithQuotes" desc="(Ljava/lang/Object;Ljava/lang/CharSequence;Ljava/lang/Appendable;Z)V" line="2331"><counter type="INSTRUCTION" missed="12" covered="179"/><counter type="BRANCH" missed="1" covered="42"/><counter type="LINE" missed="1" covered="53"/><counter type="COMPLEXITY" missed="1" covered="23"/><counter type="METHOD" missed="0" covered="1"/></method><method name="printWithQuotes" desc="(Ljava/io/Reader;Ljava/lang/Appendable;)V" line="2436"><counter type="INSTRUCTION" missed="0" covered="41"/><counter type="BRANCH" missed="0" covered="6"/><counter type="LINE" missed="0" covered="11"/><counter type="COMPLEXITY" missed="0" covered="4"/><counter type="METHOD" missed="0" covered="1"/></method><method name="toString" desc="()Ljava/lang/String;" line="2457"><counter type="INSTRUCTION" missed="0" covered="170"/><counter type="BRANCH" missed="1" covered="21"/><counter type="LINE" missed="0" covered="34"/><counter type="COMPLEXITY" missed="1" covered="11"/><counter type="METHOD" missed="0" covered="1"/></method><method name="trim" desc="(Ljava/lang/String;)Ljava/lang/String;" line="2505"><counter type="INSTRUCTION" missed="0" covered="8"/><counter type="BRANCH" missed="0" covered="2"/><counter type="LINE" missed="0" covered="1"/><counter type="COMPLEXITY" missed="0" covered="2"/><counter type="METHOD" missed="0" covered="1"/></method><method name="validate" desc="()V" line="2518"><counter type="INSTRUCTION" missed="0" covered="223"/><counter type="BRANCH" missed="0" covered="44"/><counter type="LINE" missed="0" covered="25"/><counter type="COMPLEXITY" missed="0" covered="23"/><counter type="METHOD" missed="0" covered="1"/></method><method name="withAllowDuplicateHeaderNames" desc="()Lorg/apache/commons/csv/CSVFormat;" line="2566"><counter type="INSTRUCTION" missed="0" covered="6"/><counter type="LINE" missed="0" covered="1"/><counter type="COMPLEXITY" missed="0" covered="1"/><counter type="METHOD" missed="0" covered="1"/></method><method name="withAllowDuplicateHeaderNames" desc="(Z)Lorg/apache/commons/csv/CSVFormat;" line="2579"><counter type="INSTRUCTION" missed="0" covered="12"/><counter type="BRANCH" missed="0" covered="2"/><counter type="LINE" missed="0" covered="2"/><counter type="COMPLEXITY" missed="0" covered="2"/><counter type="METHOD" missed="0" covered="1"/></method><method name="withAllowMissingColumnNames" desc="()Lorg/apache/commons/csv/CSVFormat;" line="2593"><counter type="INSTRUCTION" missed="0" covered="6"/><counter type="LINE" missed="0" covered="1"/><counter type="COMPLEXITY" missed="0" covered="1"/><counter type="METHOD" missed="0" covered="1"/></method><method name="withAllowMissingColumnNames" desc="(Z)Lorg/apache/commons/csv/CSVFormat;" line="2606"><counter type="INSTRUCTION" missed="0" covered="6"/><counter type="LINE" missed="0" covered="1"/><counter type="COMPLEXITY" missed="0" covered="1"/><counter type="METHOD" missed="0" covered="1"/></method><method name="withAutoFlush" desc="(Z)Lorg/apache/commons/csv/CSVFormat;" line="2620"><counter type="INSTRUCTION" missed="0" covered="6"/><counter type="LINE" missed="0" covered="1"/><counter type="COMPLEXITY" missed="0" covered="1"/><counter type="METHOD" missed="0" covered="1"/></method><method name="withCommentMarker" desc="(C)Lorg/apache/commons/csv/CSVFormat;" line="2635"><counter type="INSTRUCTION" missed="0" covered="6"/><counter type="LINE" missed="0" covered="1"/><counter type="COMPLEXITY" missed="0" covered="1"/><counter type="METHOD" missed="0" covered="1"/></method><method name="withCommentMarker" desc="(Ljava/lang/Character;)Lorg/apache/commons/csv/CSVFormat;" line="2650"><counter type="INSTRUCTION" missed="0" covered="6"/><counter type="LINE" missed="0" covered="1"/><counter type="COMPLEXITY" missed="0" covered="1"/><counter type="METHOD" missed="0" covered="1"/></method><method name="withDelimiter" desc="(C)Lorg/apache/commons/csv/CSVFormat;" line="2663"><counter type="INSTRUCTION" missed="0" covered="6"/><counter type="LINE" missed="0" covered="1"/><counter type="COMPLEXITY" missed="0" covered="1"/><counter type="METHOD" missed="0" covered="1"/></method><method name="withEscape" desc="(C)Lorg/apache/commons/csv/CSVFormat;" line="2676"><counter type="INSTRUCTION" missed="0" covered="6"/><counter type="LINE" missed="0" covered="1"/><counter type="COMPLEXITY" missed="0" covered="1"/><counter type="METHOD" missed="0" covered="1"/></method><method name="withEscape" desc="(Ljava/lang/Character;)Lorg/apache/commons/csv/CSVFormat;" line="2689"><counter type="INSTRUCTION" missed="0" covered="6"/><counter type="LINE" missed="0" covered="1"/><counter type="COMPLEXITY" missed="0" covered="1"/><counter type="METHOD" missed="0" covered="1"/></method><method name="withFirstRecordAsHeader" desc="()Lorg/apache/commons/csv/CSVFormat;" line="2712"><counter type="INSTRUCTION" missed="0" covered="9"/><counter type="LINE" missed="0" covered="4"/><counter type="COMPLEXITY" missed="0" covered="1"/><counter type="METHOD" missed="0" covered="1"/></method><method name="withHeader" desc="(Ljava/lang/Class;)Lorg/apache/commons/csv/CSVFormat;" line="2746"><counter type="INSTRUCTION" missed="0" covered="6"/><counter type="LINE" missed="0" covered="1"/><counter type="COMPLEXITY" missed="0" covered="1"/><counter type="METHOD" missed="0" covered="1"/></method><method name="withHeader" desc="(Ljava/sql/ResultSet;)Lorg/apache/commons/csv/CSVFormat;" line="2774"><counter type="INSTRUCTION" missed="0" covered="6"/><counter type="LINE" missed="0" covered="1"/><counter type="COMPLEXITY" missed="0" covered="1"/><counter type="METHOD" missed="0" covered="1"/></method><method name="withHeader" desc="(Ljava/sql/ResultSetMetaData;)Lorg/apache/commons/csv/CSVFormat;" line="2802"><counter type="INSTRUCTION" missed="0" covered="6"/><counter type="LINE" missed="0" covered="1"/><counter type="COMPLEXITY" missed="0" covered="1"/><counter type="METHOD" missed="0" covered="1"/></method><method name="withHeader" desc="([Ljava/lang/String;)Lorg/apache/commons/csv/CSVFormat;" line="2829"><counter type="INSTRUCTION" missed="0" covered="6"/><counter type="LINE" missed="0" covered="1"/><counter type="COMPLEXITY" missed="0" covered="1"/><counter type="METHOD" missed="0" covered="1"/></method><method name="withHeaderComments" desc="([Ljava/lang/Object;)Lorg/apache/commons/csv/CSVFormat;" line="2848"><counter type="INSTRUCTION" missed="0" covered="6"/><counter type="LINE" missed="0" covered="1"/><counter type="COMPLEXITY" missed="0" covered="1"/><counter type="METHOD" missed="0" covered="1"/></method><method name="withIgnoreEmptyLines" desc="()Lorg/apache/commons/csv/CSVFormat;" line="2861"><counter type="INSTRUCTION" missed="0" covered="6"/><counter type="LINE" missed="0" covered="1"/><counter type="COMPLEXITY" missed="0" covered="1"/><counter type="METHOD" missed="0" covered="1"/></method><method name="withIgnoreEmptyLines" desc="(Z)Lorg/apache/commons/csv/CSVFormat;" line="2874"><counter type="INSTRUCTION" missed="0" covered="6"/><counter type="LINE" missed="0" covered="1"/><counter type="COMPLEXITY" missed="0" covered="1"/><counter type="METHOD" missed="0" covered="1"/></method><method name="withIgnoreHeaderCase" desc="()Lorg/apache/commons/csv/CSVFormat;" line="2887"><counter type="INSTRUCTION" missed="0" covered="6"/><counter type="LINE" missed="0" covered="1"/><counter type="COMPLEXITY" missed="0" covered="1"/><counter type="METHOD" missed="0" covered="1"/></method><method name="withIgnoreHeaderCase" desc="(Z)Lorg/apache/commons/csv/CSVFormat;" line="2900"><counter type="INSTRUCTION" missed="0" covered="6"/><counter type="LINE" missed="0" covered="1"/><counter type="COMPLEXITY" missed="0" covered="1"/><counter type="METHOD" missed="0" covered="1"/></method><method name="withIgnoreSurroundingSpaces" desc="()Lorg/apache/commons/csv/CSVFormat;" line="2913"><counter type="INSTRUCTION" missed="0" covered="6"/><counter type="LINE" missed="0" covered="1"/><counter type="COMPLEXITY" missed="0" covered="1"/><counter type="METHOD" missed="0" covered="1"/></method><method name="withIgnoreSurroundingSpaces" desc="(Z)Lorg/apache/commons/csv/CSVFormat;" line="2925"><counter type="INSTRUCTION" missed="0" covered="6"/><counter type="LINE" missed="0" covered="1"/><counter type="COMPLEXITY" missed="0" covered="1"/><counter type="METHOD" missed="0" covered="1"/></method><method name="withNullString" desc="(Ljava/lang/String;)Lorg/apache/commons/csv/CSVFormat;" line="2941"><counter type="INSTRUCTION" missed="0" covered="6"/><counter type="LINE" missed="0" covered="1"/><counter type="COMPLEXITY" missed="0" covered="1"/><counter type="METHOD" missed="0" covered="1"/></method><method name="withQuote" desc="(C)Lorg/apache/commons/csv/CSVFormat;" line="2954"><counter type="INSTRUCTION" missed="0" covered="6"/><counter type="LINE" missed="0" covered="1"/><counter type="COMPLEXITY" missed="0" covered="1"/><counter type="METHOD" missed="0" covered="1"/></method><method name="withQuote" desc="(Ljava/lang/Character;)Lorg/apache/commons/csv/CSVFormat;" line="2967"><counter type="INSTRUCTION" missed="0" covered="6"/><counter type="LINE" missed="0" covered="1"/><counter type="COMPLEXITY" missed="0" covered="1"/><counter type="METHOD" missed="0" covered="1"/></method><method name="withQuoteMode" desc="(Lorg/apache/commons/csv/QuoteMode;)Lorg/apache/commons/csv/CSVFormat;" line="2980"><counter type="INSTRUCTION" missed="0" covered="6"/><counter type="LINE" missed="0" covered="1"/><counter type="COMPLEXITY" missed="0" covered="1"/><counter type="METHOD" missed="0" covered="1"/></method><method name="withRecordSeparator" desc="(C)Lorg/apache/commons/csv/CSVFormat;" line="2997"><counter type="INSTRUCTION" missed="0" covered="6"/><counter type="LINE" missed="0" covered="1"/><counter type="COMPLEXITY" missed="0" covered="1"/><counter type="METHOD" missed="0" covered="1"/></method><method name="withRecordSeparator" desc="(Ljava/lang/String;)Lorg/apache/commons/csv/CSVFormat;" line="3015"><counter type="INSTRUCTION" missed="0" covered="6"/><counter type="LINE" missed="0" covered="1"/><counter type="COMPLEXITY" missed="0" covered="1"/><counter type="METHOD" missed="0" covered="1"/></method><method name="withSkipHeaderRecord" desc="()Lorg/apache/commons/csv/CSVFormat;" line="3029"><counter type="INSTRUCTION" missed="0" covered="6"/><counter type="LINE" missed="0" covered="1"/><counter type="COMPLEXITY" missed="0" covered="1"/><counter type="METHOD" missed="0" covered="1"/></method><method name="withSkipHeaderRecord" desc="(Z)Lorg/apache/commons/csv/CSVFormat;" line="3042"><counter type="INSTRUCTION" missed="0" covered="6"/><counter type="LINE" missed="0" covered="1"/><counter type="COMPLEXITY" missed="0" covered="1"/><counter type="METHOD" missed="0" covered="1"/></method><method name="withSystemRecordSeparator" desc="()Lorg/apache/commons/csv/CSVFormat;" line="3060"><counter type="INSTRUCTION" missed="0" covered="6"/><counter type="LINE" missed="0" covered="1"/><counter type="COMPLEXITY" missed="0" covered="1"/><counter type="METHOD" missed="0" covered="1"/></method><method name="withTrailingDelimiter" desc="()Lorg/apache/commons/csv/CSVFormat;" line="3072"><counter type="INSTRUCTION" missed="0" covered="6"/><counter type="LINE" missed="0" covered="1"/><counter type="COMPLEXITY" missed="0" covered="1"/><counter type="METHOD" missed="0" covered="1"/></method><method name="withTrailingDelimiter" desc="(Z)Lorg/apache/commons/csv/CSVFormat;" line="3085"><counter type="INSTRUCTION" missed="0" covered="6"/><counter type="LINE" missed="0" covered="1"/><counter type="COMPLEXITY" missed="0" covered="1"/><counter type="METHOD" missed="0" covered="1"/></method><method name="withTrim" desc="()Lorg/apache/commons/csv/CSVFormat;" line="3097"><counter type="INSTRUCTION" missed="0" covered="6"/><counter type="LINE" missed="0" covered="1"/><counter type="COMPLEXITY" missed="0" covered="1"/><counter type="METHOD" missed="0" covered="1"/></method><method name="withTrim" desc="(Z)Lorg/apache/commons/csv/CSVFormat;" line="3110"><counter type="INSTRUCTION" missed="0" covered="6"/><counter type="LINE" missed="0" covered="1"/><counter type="COMPLEXITY" missed="0" covered="1"/><counter type="METHOD" missed="0" covered="1"/></method><method name="lambda$format$1" desc="([Ljava/lang/Object;)Ljava/lang/String;" line="1644"><counter type="INSTRUCTION" missed="0" covered="4"/><counter type="LINE" missed="0" covered="1"/><counter type="COMPLEXITY" missed="0" covered="1"/><counter type="METHOD" missed="0" covered="1"/></method><method name="lambda$toStringArray$0" desc="([Ljava/lang/Object;I)Ljava/lang/String;" line="1412"><counter type="INSTRUCTION" missed="0" covered="6"/><counter type="LINE" missed="0" covered="1"/><counter type="COMPLEXITY" missed="0" covered="1"/><counter type="METHOD" missed="0" covered="1"/></method><method name="&lt;clinit&gt;" desc="()V" line="935"><counter type="INSTRUCTION" missed="0" covered="175"/><counter type="LINE" missed="0" covered="74"/><counter type="COMPLEXITY" missed="0" covered="1"/><counter type="METHOD" missed="0" covered="1"/></method><counter type="INSTRUCTION" missed="25" covered="2367"/><counter type="BRANCH" missed="12" covered="315"/><counter type="LINE" missed="4" covered="509"/><counter type="COMPLEXITY" missed="12" covered="261"/><counter type="METHOD" missed="0" covered="108"/><counter type="CLASS" missed="0" covered="1"/></class><class name="org/apache/commons/csv/CSVPrinter" sourcefilename="CSVPrinter.java"><method name="&lt;init&gt;" desc="(Ljava/lang/Appendable;Lorg/apache/commons/csv/CSVFormat;)V" line="84"><counter type="INSTRUCTION" missed="0" covered="56"/><counter type="BRANCH" missed="0" covered="8"/><counter type="LINE" missed="0" covered="13"/><counter type="COMPLEXITY" missed="0" covered="5"/><counter type="METHOD" missed="0" covered="1"/></method><method name="close" desc="()V" line="123"><counter type="INSTRUCTION" missed="0" covered="4"/><counter type="LINE" missed="0" covered="2"/><counter type="COMPLEXITY" missed="0" covered="1"/><counter type="METHOD" missed="0" covered="1"/></method><method name="close" desc="(Z)V" line="135"><counter type="INSTRUCTION" missed="0" covered="17"/><counter type="BRANCH" missed="0" covered="6"/><counter type="LINE
[...]
"/><line nr="1852" mi="0" ci="3" mb="0" cb="0"/><line nr="1862" mi="0" ci="3" mb="0" cb="0"/><line nr="1875" mi="0" ci="3" mb="0" cb="0"/><line nr="1884" mi="0" ci="3" mb="0" cb="0"/><line nr="1893" mi="0" ci="3" mb="0" cb="0"/><line nr="1902" mi="0" ci="3" mb="0" cb="0"/><line nr="1911" mi="0" ci="3" mb="0" cb="0"/><line nr="1921" mi="0" ci="3" mb="0" cb="0"/><line nr="1931" mi="0" ci="3" mb="0" cb="0"/><line nr="1941" mi="0" ci="3" mb="0" cb="0"/><line nr="1946" mi="0" ci="2" mb="0" cb="0"/><line nr="1947" mi="0" ci="2" mb="0" cb="0"/><line nr="1948" mi="0" ci="8" mb="0" cb="0"/><line nr="1949" mi="0" ci="8" mb="0" cb="0"/><line nr="1950" mi="0" ci="44" mb="0" cb="0"/><line nr="1951" mi="0" ci="49" mb="0" cb="0"/><line nr="1952" mi="0" ci="20" mb="0" cb="0"/><line nr="1953" mi="0" ci="2" mb="0" cb="0"/><line nr="1964" mi="0" ci="7" mb="0" cb="2"/><line nr="1983" mi="0" ci="5" mb="0" cb="2"/><line nr="1984" mi="0" ci="2" mb="0" cb="0"/><line nr="1986" mi="0" ci="3" mb="0" cb="0"/><line nr="1987" mi="0" ci="5" mb="0" cb="2"/><line nr="1988" mi="0" ci="2" mb="0" cb="0"/><line nr="1990" mi="0" ci="7" mb="0" cb="2"/><line nr="1991" mi="0" ci="9" mb="0" cb="2"/><line nr="1992" mi="0" ci="2" mb="0" cb="0"/><line nr="1995" mi="0" ci="2" mb="0" cb="0"/><line nr="2004" mi="0" ci="7" mb="0" cb="2"/><line nr="2013" mi="0" ci="7" mb="0" cb="2"/><line nr="2022" mi="0" ci="7" mb="0" cb="2"/><line nr="2037" mi="0" ci="6" mb="0" cb="0"/><line nr="2052" mi="0" ci="6" mb="0" cb="0"/><line nr="2069" mi="0" ci="6" mb="0" cb="0"/><line nr="2075" mi="0" ci="2" mb="1" cb="1"/><line nr="2076" mi="0" ci="5" mb="0" cb="0"/><line nr="2078" mi="0" ci="3" mb="0" cb="0"/><line nr="2079" mi="0" ci="2" mb="1" cb="1"/><line nr="2080" mi="0" ci="6" mb="0" cb="0"/><line nr="2084" mi="0" ci="8" mb="0" cb="0"/><line nr="2085" mi="0" ci="4" mb="0" cb="0"/><line nr="2087" mi="0" ci="2" mb="1" cb="1"/><line nr="2088" mi="0" ci="6" mb="0" cb="0"/><line nr="2090" mi="0" ci="1" mb="0" cb="0"/><line nr="2106" mi="0" ci="2" mb="0" cb="2"/><line nr="2108" mi="0" ci="4" mb="0" cb="2"/><line nr="2109" mi="0" ci="3" mb="0" cb="0"/><line nr="2110" mi="0" ci="4" mb="0" cb="2"/><line nr="2111" mi="0" ci="4" mb="0" cb="0"/><line nr="2113" mi="0" ci="4" mb="0" cb="0"/><line nr="2115" mi="0" ci="3" mb="0" cb="2"/><line nr="2116" mi="0" ci="4" mb="0" cb="0"/><line nr="2117" mi="0" ci="3" mb="0" cb="2"/><line nr="2118" mi="0" ci="6" mb="0" cb="0"/><line nr="2119" mi="0" ci="1" mb="0" cb="0"/><line nr="2120" mi="0" ci="3" mb="0" cb="2"/><line nr="2121" mi="0" ci="6" mb="0" cb="0"/><line nr="2122" mi="0" ci="1" mb="0" cb="0"/><line nr="2124" mi="0" ci="3" mb="0" cb="0"/><line nr="2126" mi="0" ci="8" mb="0" cb="2"/><line nr="2127" mi="0" ci="6" mb="0" cb="0"/><line nr="2128" mi="0" ci="1" mb="0" cb="0"/><line nr="2131" mi="0" ci="2" mb="0" cb="0"/><line nr="2132" mi="0" ci="3" mb="0" cb="0"/><line nr="2133" mi="0" ci="2" mb="0" cb="2"/><line nr="2134" mi="0" ci="5" mb="0" cb="0"/><line nr="2136" mi="0" ci="2" mb="0" cb="2"/><line nr="2137" mi="0" ci="5" mb="0" cb="0"/><line nr="2138" mi="0" ci="3" mb="0" cb="2"/><line nr="2140" mi="0" ci="7" mb="0" cb="0"/><line nr="2141" mi="0" ci="3" mb="0" cb="2"/><line nr="2142" mi="0" ci="5" mb="0" cb="0"/><line nr="2144" mi="0" ci="6" mb="0" cb="0"/><line nr="2146" mi="0" ci="1" mb="0" cb="0"/><line nr="2164" mi="0" ci="8" mb="0" cb="0"/><line nr="2169" mi="0" ci="2" mb="0" cb="2"/><line nr="2170" mi="0" ci="5" mb="0" cb="0"/><line nr="2172" mi="0" ci="3" mb="0" cb="2"/><line nr="2173" mi="0" ci="5" mb="0" cb="0"/><line nr="2174" mi="0" ci="3" mb="0" cb="2"/><line nr="2175" mi="0" ci="5" mb="0" cb="0"/><line nr="2176" mi="0" ci="3" mb="0" cb="2"/><line nr="2177" mi="0" ci="6" mb="0" cb="0"/><line nr="2179" mi="0" ci="4" mb="0" cb="0"/><line nr="2181" mi="0" ci="1" mb="0" cb="0"/><line nr="2195" mi="0" ci="6" mb="0" cb="0"/><line nr="2206" mi="0" ci="3" mb="0" cb="2"/><line nr="2207" mi="0" ci="5" mb="0" cb="0"/><line nr="2209" mi="0" ci="3" mb="0" cb="2"/><line nr="2210" mi="0" ci="5" mb="0" cb="0"/><line nr="2212" mi="0" ci="1" mb="0" cb="0"/><line nr="2228" mi="0" ci="8" mb="0" cb="2"/><line nr="2229" mi="0" ci="11" mb="0" cb="2"/><line nr="2231" mi="0" ci="3" mb="0" cb="0"/><line nr="2232" mi="0" ci="1" mb="0" cb="0"/><line nr="2238" mi="0" ci="2" mb="0" cb="0"/><line nr="2239" mi="0" ci="2" mb="0" cb="0"/><line nr="2240" mi="0" ci="3" mb="0" cb="0"/><line nr="2241" mi="0" ci="3" mb="0" cb="0"/><line nr="2242" mi="0" ci="3" mb="0" cb="0"/><line nr="2243" mi="0" ci="3" mb="0" cb="0"/><line nr="2244" mi="0" ci="3" mb="0" cb="2"/><line nr="2245" mi="0" ci="4" mb="0" cb="0"/><line nr="2246" mi="0" ci="8" mb="0" cb="0"/><line nr="2247" mi="0" ci="7" mb="0" cb="2"/><line nr="2248" mi="0" ci="7" mb="0" cb="2"/><line nr="2249" mi="0" ci="9" mb="0" cb="8"/><line nr="2251" mi="0" ci="3" mb="0" cb="2"/><line nr="2252" mi="0" ci="6" mb="0" cb="0"/><line nr="2254" mi="0" ci="2" mb="0" cb="2"/><line nr="2255" mi="0" ci="3" mb="0" cb="0"/><line nr="2256" mi="0" ci="2" mb="0" cb="2"/><line nr="2257" mi="0" ci="2" mb="0" cb="0"/><line nr="2259" mi="0" ci="4" mb="0" cb="0"/><line nr="2260" mi="0" ci="2" mb="0" cb="2"/><line nr="2261" mi="0" ci="7" mb="0" cb="2"/><line nr="2262" mi="0" ci="1" mb="0" cb="0"/><line nr="2263" mi="0" ci="6" mb="0" cb="0"/><line nr="2266" mi="0" ci="4" mb="0" cb="0"/><line nr="2268" mi="0" ci="1" mb="0" cb="0"/><line nr="2269" mi="0" ci="1" mb="0" cb="0"/><line nr="2272" mi="0" ci="3" mb="0" cb="2"/><line nr="2273" mi="0" ci="6" mb="0" cb="0"/><line nr="2275" mi="0" ci="1" mb="0" cb="0"/><line nr="2281" mi="0" ci="2" mb="0" cb="0"/><line nr="2282" mi="0" ci="2" mb="0" cb="0"/><line nr="2284" mi="0" ci="5" mb="0" cb="0"/><line nr="2285" mi="0" ci="3" mb="0" cb="0"/><line nr="2286" mi="0" ci="3" mb="0" cb="0"/><line nr="2287" mi="0" ci="3" mb="0" cb="0"/><line nr="2288" mi="0" ci="5" mb="0" cb="0"/><line nr="2290" mi="0" ci="5" mb="0" cb="0"/><line nr="2291" mi="0" ci="6" mb="0" cb="2"/><line nr="2292" mi="0" ci="5" mb="0" cb="0"/><line nr="2293" mi="0" ci="3" mb="0" cb="0"/><line nr="2294" mi="0" ci="15" mb="0" cb="0"/><line nr="2295" mi="0" ci="9" mb="0" cb="0"/><line nr="2296" mi="0" ci="7" mb="0" cb="2"/><line nr="2297" mi="0" ci="7" mb="0" cb="2"/><line nr="2298" mi="0" ci="9" mb="0" cb="8"/><line nr="2300" mi="0" ci="3" mb="0" cb="2"/><line nr="2301" mi="0" ci="7" mb="0" cb="0"/><line nr="2302" mi="0" ci="3" mb="0" cb="0"/><line nr="2303" mi="0" ci="2" mb="0" cb="0"/><line nr="2305" mi="0" ci="2" mb="0" cb="2"/><line nr="2306" mi="0" ci="3" mb="0" cb="0"/><line nr="2307" mi="0" ci="2" mb="0" cb="2"/><line nr="2308" mi="0" ci="2" mb="0" cb="0"/><line nr="2310" mi="0" ci="5" mb="0" cb="0"/><line nr="2311" mi="0" ci="2" mb="0" cb="2"/><line nr="2312" mi="2" ci="5" mb="1" cb="1"/><line nr="2313" mi="6" ci="0" mb="0" cb="0"/><line nr="2316" mi="0" ci="4" mb="0" cb="0"/><line nr="2318" mi="0" ci="1" mb="0" cb="0"/><line nr="2319" mi="0" ci="1" mb="0" cb="0"/><line nr="2321" mi="0" ci="3" mb="0" cb="2"/><line nr="2322" mi="0" ci="6" mb="0" cb="0"/><line nr="2324" mi="0" ci="1" mb="0" cb="0"/><line nr="2331" mi="0" ci="2" mb="0" cb="0"/><line nr="2332" mi="0" ci="2" mb="0" cb="0"/><line nr="2333" mi="0" ci="2" mb="0" cb="0"/><line nr="2334" mi="0" ci="3" mb="0" cb="0"/><line nr="2335" mi="0" ci="3" mb="0" cb="0"/><line nr="2336" mi="0" ci="3" mb="0" cb="0"/><line nr="2337" mi="0" ci="4" mb="0" cb="0"/><line nr="2341" mi="0" ci="8" mb="0" cb="2"/><line nr="2342" mi="0" ci="3" mb="0" cb="0"/><line nr="2343" mi="0" ci="2" mb="0" cb="2"/><line nr="2344" mi="0" ci="2" mb="0" cb="0"/><line nr="2346" mi="0" ci="5" mb="1" cb="4"/><line nr="2349" mi="0" ci="2" mb="0" cb="0"/><line nr="2350" mi="0" ci="1" mb="0" cb="0"/><line nr="2352" mi="0" ci="7" mb="0" cb="2"/><line nr="2353" mi="0" ci="1" mb="0" cb="0"/><line nr="2356" mi="0" ci="4" mb="0" cb="0"/><line nr="2357" mi="0" ci="1" mb="0" cb="0"/><line nr="2359" mi="0" ci="2" mb="0" cb="2"/><line nr="2364" mi="0" ci="2" mb="0" cb="2"/><line nr="2365" mi="0" ci="3" mb="0" cb="0"/><line nr="2368" mi="0" ci="4" mb="0" cb="0"/><line nr="2369" mi="0" ci="3" mb="0" cb="2"/><line nr="2373" mi="0" ci="3" mb="0" cb="0"/><line nr="2375" mi="0" ci="3" mb="0" cb="2"/><line nr="2376" mi="0" ci="4" mb="0" cb="0"/><line nr="2377" mi="0" ci="20" mb="0" cb="10"/><line nr="2378" mi="0" ci="2" mb="0" cb="0"/><line nr="2379" mi="0" ci="1" mb="0" cb="0"/><line nr="2381" mi="0" ci="2" mb="0" cb="0"/><line nr="2384" mi="0" ci="2" mb="0" cb="2"/><line nr="2385" mi="0" ci="4" mb="0" cb="0"/><line nr="2386" mi="0" ci="4" mb="0" cb="0"/><line nr="2389" mi="0" ci="3" mb="0" cb="2"/><line nr="2390" mi="0" ci="2" mb="0" cb="0"/><line nr="2395" mi="0" ci="2" mb="0" cb="2"/><line nr="2397" mi="0" ci="6" mb="0" cb="0"/><line nr="2398" mi="0" ci="1" mb="0" cb="0"/><line nr="2402" mi="12" ci="0" mb="0" cb="0"/><line nr="2404" mi="0" ci="2" mb="0" cb="2"/><line nr="2406" mi="0" ci="6" mb="0" cb="0"/><line nr="2407" mi="0" ci="1" mb="0" cb="0"/><line nr="2410" mi="0" ci="4" mb="0" cb="0"/><line nr="2413" mi="0" ci="3" mb="0" cb="2"/><line nr="2414" mi="0" ci="4" mb="0" cb="0"/><line nr="2415" mi="0" ci="6" mb="0" cb="4"/><line nr="2417" mi="0" ci="6" mb="0" cb="0"/><line nr="2418" mi="0" ci="4" mb="0" cb="0"/><line nr="2419" mi="0" ci="2" mb="0" cb="0"/><line nr="2421" mi="0" ci="1" mb="0" cb="0"/><line nr="2422" mi="0" ci="1" mb="0" cb="0"/><line nr="2424" mi="0" ci="6" mb="0" cb="0"/><line nr="2425" mi="0" ci="4" mb="0" cb="0"/><line nr="2426" mi="0" ci="1" mb="0" cb="0"/><line nr="2436" mi="0" ci="4" mb="0" cb="2"/><line nr="2437" mi="0" ci="4" mb="0" cb="0"/><line nr="2438" mi="0" ci="1" mb="0" cb="0"/><line nr="2440" mi="0" ci="4" mb="0" cb="0"/><line nr="2442" mi="0" ci="4" mb="0" cb="0"/><line nr="2445" mi="0" ci="6" mb="0" cb="2"/><line nr="2446" mi="0" ci="5" mb="0" cb="0"/><line nr="2447" mi="0" ci="3" mb="0" cb="2"/><line nr="2448" mi="0" ci="5" mb="0" cb="0"/><line nr="2452" mi="0" ci="4" mb="0" cb="0"/><line nr="2453" mi="0" ci="1" mb="0" cb="0"/><line nr="2457" mi="0" ci="4" mb="0" cb="0"/><line nr="2458" mi="0" ci="9" mb="0" cb="0"/><line nr="2459" mi="0" ci="3" mb="0" cb="2"/><line nr="2460" mi="0" ci="4" mb="0" cb="0"/><line nr="2461" mi="0" ci="9" mb="0" cb="0"/><line nr="2463" mi="0" ci="3" mb="1" cb="1"/><line nr="2464" mi="0" ci="4" mb="0" cb="0"/><line nr="2465" mi="0" ci="9" mb="0" cb="0"/><line nr="2467" mi="0" ci="3" mb="0" cb="2"/><line nr="2468" mi="0" ci="4" mb="0" cb="0"/><line nr="2469" mi="0" ci="9" mb="0" cb="0"/><line nr="2471" mi="0" ci="3" mb="0" cb="2"/><line nr="2472" mi="0" ci="4" mb="0" cb="0"/><line nr="2473" mi="0" ci="9" mb="0" cb="0"/><line nr="2475" mi="0" ci="3" mb="0" cb="2"/><line nr="2476" mi="0" ci="4" mb="0" cb="0"/><line nr="2477" mi="0" ci="9" mb="0" cb="0"/><line nr="2479" mi="0" ci="3" mb="0" cb="2"/><line nr="2480" mi="0" ci="4" mb="0" cb="0"/><line nr="2481" mi="0" ci="9" mb="0" cb="0"/><line nr="2483" mi="0" ci="3" mb="0" cb="2"/><line nr="2484" mi="0" ci="4" mb="0" cb="0"/><line nr="2486" mi="0" ci="3" mb="0" cb="2"/><line nr="2487" mi="0" ci="4" mb="0" cb="0"/><line nr="2489" mi="0" ci="3" mb="0" cb="2"/><line nr="2490" mi="0" ci="4" mb="0" cb="0"/><line nr="2492" mi="0" ci="7" mb="0" cb="0"/><line nr="2493" mi="0" ci="3" mb="0" cb="2"/><line nr="2494" mi="0" ci="4" mb="0" cb="0"/><line nr="2495" mi="0" ci="8" mb="0" cb="0"/><line nr="2497" mi="0" ci="3" mb="0" cb="2"/><line nr="2498" mi="0" ci="4" mb="0" cb="0"/><line nr="2499" mi="0" ci="8" mb="0" cb="0"/><line nr="2501" mi="0" ci="3" mb="0" cb="0"/><line nr="2505" mi="0" ci="8" mb="0" cb="2"/><line nr="2518" mi="0" ci="4" mb="0" cb="2"/><line nr="2519" mi="0" ci="5" mb="0" cb="0"/><line nr="2521" mi="0" ci="10" mb="0" cb="4"/><line nr="2522" mi="0" ci="15" mb="0" cb="0"/><line nr="2524" mi="0" ci="10" mb="0" cb="4"/><line nr="2525" mi="0" ci="15" mb="0" cb="0"/><line nr="2527" mi="0" ci="10" mb="0" cb="4"/><line nr="2528" mi="0" ci="15" mb="0" cb="0"/><line nr="2530" mi="0" ci="9" mb="0" cb="4"/><line nr="2531" mi="0" ci="15" mb="0" cb="0"/><line nr="2533" mi="0" ci="9" mb="0" cb="4"/><line nr="2534" mi="0" ci="15" mb="0" cb="0"/><line nr="2536" mi="0" ci="7" mb="0" cb="4"/><line nr="2537" mi="0" ci="5" mb="0" cb="0"/><line nr="2540" mi="0" ci="7" mb="0" cb="4"/><line nr="2541" mi="0" ci="7" mb="0" cb="0"/><line nr="2542" mi="0" ci="8" mb="0" cb="2"/><line nr="2543" mi="0" ci="17" mb="0" cb="2"/><line nr="2544" mi="0" ci="3" mb="0" cb="0"/><line nr="2546" mi="0" ci="12" mb="0" cb="4"/><line nr="2547" mi="0" ci="6" mb="0" cb="6"/><line nr="2548" mi="0" ci="13" mb="0" cb="0"/><line nr="2549" mi="0" ci="3" mb="0" cb="0"/><line nr="2551" mi="0" ci="2" mb="0" cb="0"/><line nr="2555" mi="0" ci="1" mb="0" cb="0"/><line nr="2566" mi="0" ci="6" mb="0" cb="0"/><line nr="2579" mi="0" ci="6" mb="0" cb="2"/><line nr="2580" mi="0" ci="6" mb="0" cb="0"/><line nr="2593" mi="0" ci="6" mb="0" cb="0"/><line nr="2606" mi="0" ci="6" mb="0" cb="0"/><line nr="2620" mi="0" ci="6" mb="0" cb="0"/><line nr="2635" mi="0" ci="6" mb="0" cb="0"/><line nr="2650" mi="0" ci="6" mb="0" cb="0"/><line nr="2663" mi="0" ci="6" mb="0" cb="0"/><line nr="2676" mi="0" ci="6" mb="0" cb="0"/><line nr="2689" mi="0" ci="6" mb="0" cb="0"/><line nr="2712" mi="0" ci="5" mb="0" cb="0"/><line nr="2713" mi="0" ci="2" mb="0" cb="0"/><line nr="2714" mi="0" ci="1" mb="0" cb="0"/><line nr="2715" mi="0" ci="1" mb="0" cb="0"/><line nr="2746" mi="0" ci="6" mb="0" cb="0"/><line nr="2774" mi="0" ci="6" mb="0" cb="0"/><line nr="2802" mi="0" ci="6" mb="0" cb="0"/><line nr="2829" mi="0" ci="6" mb="0" cb="0"/><line nr="2848" mi="0" ci="6" mb="0" cb="0"/><line nr="2861" mi="0" ci="6" mb="0" cb="0"/><line nr="2874" mi="0" ci="6" mb="0" cb="0"/><line nr="2887" mi="0" ci="6" mb="0" cb="0"/><line nr="2900" mi="0" ci="6" mb="0" cb="0"/><line nr="2913" mi="0" ci="6" mb="0" cb="0"/><line nr="2925" mi="0" ci="6" mb="0" cb="0"/><line nr="2941" mi="0" ci="6" mb="0" cb="0"/><line nr="2954" mi="0" ci="6" mb="0" cb="0"/><line nr="2967" mi="0" ci="6" mb="0" cb="0"/><line nr="2980" mi="0" ci="6" mb="0" cb="0"/><line nr="2997" mi="0" ci="6" mb="0" cb="0"/><line nr="3015" mi="0" ci="6" mb="0" cb="0"/><line nr="3029" mi="0" ci="6" mb="0" cb="0"/><line nr="3042" mi="0" ci="6" mb="0" cb="0"/><line nr="3060" mi="0" ci="6" mb="0" cb="0"/><line nr="3072" mi="0" ci="6" mb="0" cb="0"/><line nr="3085" mi="0" ci="6" mb="0" cb="0"/><line nr="3097" mi="0" ci="6" mb="0" cb="0"/><line nr="3110" mi="0" ci="6" mb="0" cb="0"/><counter type="INSTRUCTION" missed="25" covered="2891"/><counter type="BRANCH" missed="12" covered="335"/><counter type="LINE" missed="4" covered="630"/><counter type="COMPLEXITY" missed="12" covered="309"/><counter type="METHOD" missed="0" covered="146"/><counter type="CLASS" missed="0" covered="3"/></sourcefile><sourcefile name="CSVPrinter.java"><line nr="84" mi="0" ci="3" mb="0" cb="0"/><line nr="102" mi="0" ci="2" mb="0" cb="0"/><line nr="103" mi="0" ci="4" mb="0" cb="0"/><line nr="104" mi="0" ci="4" mb="0" cb="0"/><line nr="106" mi="0" ci="3" mb="0" cb="0"/><line nr="107" mi="0" ci="4" mb="0" cb="0"/><line nr="110" mi="0" ci="3" mb="0" cb="0"/><line nr="111" mi="0" ci="2" mb="0" cb="2"/><line nr="112" mi="0" ci="16" mb="0" cb="2"/><line nr="113" mi="0" ci="3" mb="0" cb="0"/><line nr="116" mi="0" ci="6" mb="0" cb="4"/><line nr="117" mi="0" ci="5" mb="0" cb="0"/><line nr="119" mi="0" ci="1" mb="0" cb="0"/><line nr="123" mi="0" ci="3" mb="0" cb="0"/><line nr="124" mi="0" ci="1" mb="0" cb="0"/><line nr="135" mi="0" ci="6" mb="0" cb="4"/><line nr="136" mi="0" ci="2" mb="0" cb="0"/><line nr="138" mi="0" ci="4" mb="0" cb="2"/><line nr="139" mi="0" ci="4" mb="0" cb="0"/><line nr="141" mi="0" ci="1" mb="0" cb="0"/><line nr="151" mi="0" ci="4" mb="0" cb="2"/><line nr="152" mi="0" ci="4" mb="0" cb="0"/><line nr="154" mi="0" ci="1" mb="0" cb="0"/><line nr="162" mi="0" ci="3" mb="0" cb="0"/><line nr="174" mi="0" ci="8" mb="0" cb="0"/><line nr="175" mi="0" ci="3" mb="0" cb="0"/><line nr="176" mi="0" ci="1" mb="0" cb="0"/><line nr="200" mi="0" ci="6" mb="0" cb="4"/><line nr="201" mi="0" ci="1" mb="0" cb="0"/><line nr="203" mi="0" ci="3" mb="0" cb="2"/><line nr="204" mi="0" ci="2" mb="0" cb="0"/><line nr="206" mi="0" ci="8" mb="0" cb="0"/><line nr="207" mi="0" ci="5" mb="0" cb="0"/><line nr="208" mi="0" ci="8" mb="0" cb="2"/><line nr="209" mi="0" ci="4" mb="0" cb="0"/><line nr="210" mi="0" ci="2" mb="0" cb="3"/><line nr="212" mi="0" ci="13" mb="0" cb="4"/><line nr="213" mi="0" ci="1" mb="0" cb="0"/><line nr="217" mi="0" ci="2" mb="0" cb="0"/><line nr="218" mi="0" ci="8" mb="0" cb="0"/><line nr="219" mi="0" ci="5" mb="0" cb="0"/><line nr="220" mi="0" ci="1" mb="0" cb="0"/><line nr="222" mi="0" ci="5" mb="0" cb="0"/><line nr="226" mi="0" ci="2" mb="0" cb="0"/><line nr="227" mi="0" ci="1" mb="0" cb="0"/><line nr="238" mi="0" ci="10" mb="0" cb="0"/><line nr="239" mi="0" ci="1" mb="0" cb="0"/><line nr="248" mi="0" ci="5" mb="0" cb="0"/><line nr="249" mi="0" ci="3" mb="0" cb="0"/><line nr="250" mi="0" ci="1" mb="0" cb="0"/><line nr="267" mi="0" ci="5" mb="0" cb="0"/><line nr="268" mi="0" ci="2" mb="0" cb="0"/><line nr="269" mi="0" ci="1" mb="0" cb="0"/><line nr="285" mi="0" ci="4" mb="0" cb="0"/><line nr="286" mi="0" ci="1" mb="0" cb="0"/><line nr="304" mi="0" ci="5" mb="0" cb="0"/><line nr="305" mi="0" ci="2" mb="0" cb="0"/><line nr="306" mi="0" ci="1" mb="0" cb="0"/><line nr="309" mi="0" ci="3" mb="0" cb="2"/><line nr="310" mi="0" ci="5" mb="0" cb="0"/><line nr="311" mi="0" ci="3" mb="0" cb="2"/><line nr="312" mi="0" ci="5" mb="0" cb="0"/><line nr="314" mi="0" ci="8" mb="0" cb="0"/><line nr="316" mi="0" ci="1" mb="0" cb="0"/><line nr="358" mi="0" ci="5" mb="0" cb="0"/><line nr="359" mi="0" ci="1" mb="0" cb="0"/><line nr="399" mi="0" ci="4" mb="0" cb="0"/><line nr="400" mi="0" ci="1" mb="0" cb="0"/><line nr="413" mi="0" ci="4" mb="0" cb="0"/><line nr="414" mi="0" ci="3" mb="0" cb="2"/><line nr="415" mi="0" ci="7" mb="0" cb="2"/><line nr="416" mi="0" ci="4" mb="0" cb="0"/><line nr="417" mi="0" ci="3" mb="0" cb="2"/><line nr="418" mi="0" ci="5" mb="0" cb="0"/><line nr="419" mi="0" ci="3" mb="0" cb="0"/><line nr="421" mi="0" ci="3" mb="0" cb="2"/><line nr="422" mi="0" ci="5" mb="0" cb="0"/><line nr="423" mi="0" ci="3" mb="0" cb="0"/><line nr="426" mi="0" ci="3" mb="0" cb="0"/><line nr="429" mi="0" ci="3" mb="0" cb="0"/><line nr="431" mi="0" ci="1" mb="0" cb="0"/><line nr="443" mi="0" ci="2" mb="0" cb="2"/><line nr="444" mi="0" ci="3" mb="0" cb="0"/><line nr="446" mi="0" ci="3" mb="0" cb="0"/><line nr="447" mi="0" ci="1" mb="0" cb="0"/><line nr="491" mi="0" ci="5" mb="0" cb="0"/><line nr="492" mi="0" ci="1" mb="0" cb="0"/><counter type="INSTRUCTION" missed="0" covered="317"/><counter type="BRANCH" missed="0" covered="45"/><counter type="LINE" missed="0" covered="87"/><counter type="COMPLEXITY" missed="0" covered="41"/><counter type="METHOD" missed="0" covered="18"/><counter type="CLASS" missed="0" covered="1"/></sourcefile><sourcefile name="Constants.java"><line nr="41" mi="0" ci="3" mb="0" cb="0"/><line nr="45" mi="0" ci="4" mb="0" cb="0"/><counter type="INSTRUCTION" missed="0" covered="7"/><counter type="LINE" missed="0" covered="2"/><counter type="COMPLEXITY" missed="0" covered="1"/><counter type="METHOD" missed="0" covered="1"/><counter type="CLASS" missed="0" covered="1"/></sourcefile><counter type="INSTRUCTION" missed="55" covered="5363"/><counter type="BRANCH" missed="19" covered="699"/><counter type="LINE" missed="6" covered="1174"/><counter type="COMPLEXITY" missed="19" covered="610"/><counter type="METHOD" missed="0" covered="263"/><counter type="CLASS" missed="0" covered="15"/></package><counter type="INSTRUCTION" missed="55" covered="5363"/><counter type="BRANCH" missed="19" covered="699"/><counter type="LINE" missed="6" covered="1174"/><counter type="COMPLEXITY" missed="19" covered="610"/><counter type="METHOD" missed="0" covered="263"/><counter type="CLASS" missed="0" covered="15"/></report>